2025-07-02 13:42:23 - uvicorn.error - INFO - Started server process [55508]
2025-07-02 13:42:23 - uvicorn.error - INFO - Waiting for application startup.
2025-07-02 13:42:23 - uvicorn.error - INFO - Application startup complete.
2025-07-02 13:42:25 - uvicorn.error - INFO - Shutting down
2025-07-02 13:42:25 - uvicorn.error - INFO - Waiting for application shutdown.
2025-07-02 13:42:25 - uvicorn.error - INFO - Application shutdown complete.
2025-07-02 13:42:25 - uvicorn.error - INFO - Finished server process [55508]
2025-07-02 13:42:26 - uvicorn.error - INFO - Started server process [55653]
2025-07-02 13:42:26 - uvicorn.error - INFO - Waiting for application startup.
2025-07-02 13:42:26 - uvicorn.error - INFO - Application startup complete.
2025-07-02 13:44:14 - uvicorn.error - INFO - Shutting down
2025-07-02 13:44:15 - uvicorn.error - INFO - Waiting for application shutdown.
2025-07-02 13:44:15 - uvicorn.error - INFO - Application shutdown complete.
2025-07-02 13:44:15 - uvicorn.error - INFO - Finished server process [55653]
2025-07-02 13:44:16 - uvicorn.error - INFO - Started server process [57166]
2025-07-02 13:44:16 - uvicorn.error - INFO - Waiting for application startup.
2025-07-02 13:44:16 - uvicorn.error - INFO - Application startup complete.
2025-07-02 13:44:19 - root - INFO - Excel result: 603989
2025-07-02 13:44:19 - root - INFO - xtl filepath: /Users/llf/project/stockViz/backendFastapi/app/data_pool/603989_main_report.csv
2025-07-02 13:44:46 - uvicorn.error - INFO - Shutting down
2025-07-02 13:44:46 - uvicorn.error - INFO - Waiting for application shutdown.
2025-07-02 13:44:46 - uvicorn.error - INFO - Application shutdown complete.
2025-07-02 13:44:46 - uvicorn.error - INFO - Finished server process [57166]
2025-07-02 13:44:47 - uvicorn.error - INFO - Started server process [57627]
2025-07-02 13:44:47 - uvicorn.error - INFO - Waiting for application startup.
2025-07-02 13:44:47 - uvicorn.error - INFO - Application startup complete.
2025-07-02 13:44:48 - root - INFO - Excel result: 603989
2025-07-02 13:44:48 - root - INFO - xtl filepath: /Users/llf/project/stockViz/backendFastapi/app/data_pool/603989_main_report.csv
2025-07-02 13:46:24 - uvicorn.error - INFO - Shutting down
2025-07-02 13:46:24 - uvicorn.error - INFO - Waiting for application shutdown.
2025-07-02 13:46:24 - uvicorn.error - INFO - Application shutdown complete.
2025-07-02 13:46:24 - uvicorn.error - INFO - Finished server process [57627]
2025-07-02 13:46:25 - uvicorn.error - INFO - Started server process [59029]
2025-07-02 13:46:25 - uvicorn.error - INFO - Waiting for application startup.
2025-07-02 13:46:25 - uvicorn.error - INFO - Application startup complete.
2025-07-02 13:46:25 - root - INFO - Excel result: 603989
2025-07-02 13:46:25 - root - INFO - xtl filepath: /Users/llf/project/stockViz/backendFastapi/app/data_pool/603989_main_report.csv
2025-07-02 13:47:29 - uvicorn.error - INFO - Shutting down
2025-07-02 13:47:29 - uvicorn.error - INFO - Waiting for application shutdown.
2025-07-02 13:47:29 - uvicorn.error - INFO - Application shutdown complete.
2025-07-02 13:47:29 - uvicorn.error - INFO - Finished server process [59029]
2025-07-02 13:47:30 - uvicorn.error - INFO - Started server process [59943]
2025-07-02 13:47:30 - uvicorn.error - INFO - Waiting for application startup.
2025-07-02 13:47:30 - uvicorn.error - INFO - Application startup complete.
2025-07-02 13:47:31 - root - INFO - Excel result: 603989
2025-07-02 13:47:31 - root - INFO - xtl filepath: /Users/llf/project/stockViz/backendFastapi/app/data_pool/603989_main_report.csv
2025-07-02 13:48:14 - uvicorn.error - INFO - Shutting down
2025-07-02 13:48:14 - uvicorn.error - INFO - Waiting for application shutdown.
2025-07-02 13:48:14 - uvicorn.error - INFO - Application shutdown complete.
2025-07-02 13:48:14 - uvicorn.error - INFO - Finished server process [59943]
2025-07-02 13:48:15 - uvicorn.error - INFO - Started server process [60674]
2025-07-02 13:48:15 - uvicorn.error - INFO - Waiting for application startup.
2025-07-02 13:48:15 - uvicorn.error - INFO - Application startup complete.
2025-07-02 13:48:16 - root - INFO - Excel result: 603989
2025-07-02 13:48:16 - root - INFO - xtl filepath: /Users/llf/project/stockViz/backendFastapi/app/data_pool/603989_main_report.csv
2025-07-02 13:48:58 - uvicorn.error - INFO - Shutting down
2025-07-02 13:48:58 - uvicorn.error - INFO - Waiting for application shutdown.
2025-07-02 13:48:58 - uvicorn.error - INFO - Application shutdown complete.
2025-07-02 13:48:58 - uvicorn.error - INFO - Finished server process [60674]
2025-07-02 13:48:59 - uvicorn.error - INFO - Started server process [61299]
2025-07-02 13:48:59 - uvicorn.error - INFO - Waiting for application startup.
2025-07-02 13:48:59 - uvicorn.error - INFO - Application startup complete.
2025-07-02 13:49:00 - root - INFO - Excel result: 603989
2025-07-02 13:49:00 - root - INFO - xtl filepath: /Users/llf/project/stockViz/backendFastapi/app/data_pool/603989_main_report.csv
2025-07-02 13:49:26 - uvicorn.error - INFO - Shutting down
2025-07-02 13:49:26 - uvicorn.error - INFO - Waiting for application shutdown.
2025-07-02 13:49:26 - uvicorn.error - INFO - Application shutdown complete.
2025-07-02 13:49:26 - uvicorn.error - INFO - Finished server process [61299]
2025-07-02 13:49:27 - uvicorn.error - INFO - Started server process [61628]
2025-07-02 13:49:27 - uvicorn.error - INFO - Waiting for application startup.
2025-07-02 13:49:27 - uvicorn.error - INFO - Application startup complete.
2025-07-02 13:49:28 - root - INFO - Excel result: 603989
2025-07-02 13:49:28 - root - INFO - xtl filepath: /Users/llf/project/stockViz/backendFastapi/app/data_pool/603989_main_report.csv
2025-07-02 13:50:46 - uvicorn.error - INFO - Shutting down
2025-07-02 13:50:46 - uvicorn.error - INFO - Waiting for application shutdown.
2025-07-02 13:50:46 - uvicorn.error - INFO - Application shutdown complete.
2025-07-02 13:50:46 - uvicorn.error - INFO - Finished server process [61628]
2025-07-02 13:50:47 - uvicorn.error - INFO - Started server process [62808]
2025-07-02 13:50:47 - uvicorn.error - INFO - Waiting for application startup.
2025-07-02 13:50:47 - uvicorn.error - INFO - Application startup complete.
2025-07-02 13:50:49 - root - INFO - Excel result: 603989
2025-07-02 13:50:49 - root - INFO - xtl filepath: /Users/llf/project/stockViz/backendFastapi/app/data_pool/603989_main_report.csv
2025-07-02 13:51:53 - uvicorn.error - INFO - Shutting down
2025-07-02 13:51:53 - uvicorn.error - INFO - Waiting for application shutdown.
2025-07-02 13:51:53 - uvicorn.error - INFO - Application shutdown complete.
2025-07-02 13:51:53 - uvicorn.error - INFO - Finished server process [62808]
2025-07-02 13:51:54 - uvicorn.error - INFO - Started server process [63726]
2025-07-02 13:51:54 - uvicorn.error - INFO - Waiting for application startup.
2025-07-02 13:51:54 - uvicorn.error - INFO - Application startup complete.
2025-07-02 13:52:03 - root - INFO - Excel result: 603989
2025-07-02 13:52:03 - root - INFO - xtl filepath: /Users/llf/project/stockViz/backendFastapi/app/data_pool/603989_main_report.csv
2025-07-02 13:52:30 - uvicorn.error - INFO - Shutting down
2025-07-02 13:52:30 - uvicorn.error - INFO - Waiting for application shutdown.
2025-07-02 13:52:30 - uvicorn.error - INFO - Application shutdown complete.
2025-07-02 13:52:30 - uvicorn.error - INFO - Finished server process [63726]
2025-07-02 13:52:31 - uvicorn.error - INFO - Started server process [64307]
2025-07-02 13:52:31 - uvicorn.error - INFO - Waiting for application startup.
2025-07-02 13:52:31 - uvicorn.error - INFO - Application startup complete.
2025-07-02 13:52:31 - root - INFO - Excel result: 603989
2025-07-02 13:52:31 - root - INFO - xtl filepath: /Users/llf/project/stockViz/backendFastapi/app/data_pool/603989_main_report.csv
2025-07-02 13:52:59 - uvicorn.error - INFO - Shutting down
2025-07-02 13:52:59 - uvicorn.error - INFO - Waiting for application shutdown.
2025-07-02 13:52:59 - uvicorn.error - INFO - Application shutdown complete.
2025-07-02 13:52:59 - uvicorn.error - INFO - Finished server process [64307]
2025-07-02 13:53:00 - uvicorn.error - INFO - Started server process [64647]
2025-07-02 13:53:00 - uvicorn.error - INFO - Waiting for application startup.
2025-07-02 13:53:00 - uvicorn.error - INFO - Application startup complete.
2025-07-02 13:53:01 - root - INFO - Excel result: 603989
2025-07-02 13:53:01 - root - INFO - xtl filepath: /Users/llf/project/stockViz/backendFastapi/app/data_pool/603989_main_report.csv
2025-07-02 13:53:33 - uvicorn.error - INFO - Shutting down
2025-07-02 13:53:33 - uvicorn.error - INFO - Waiting for application shutdown.
2025-07-02 13:53:33 - uvicorn.error - INFO - Application shutdown complete.
2025-07-02 13:53:33 - uvicorn.error - INFO - Finished server process [64647]
2025-07-02 13:53:34 - uvicorn.error - INFO - Started server process [65213]
2025-07-02 13:53:34 - uvicorn.error - INFO - Waiting for application startup.
2025-07-02 13:53:34 - uvicorn.error - INFO - Application startup complete.
2025-07-02 13:53:35 - root - INFO - Excel result: 603989
2025-07-02 13:53:35 - root - INFO - xtl filepath: /Users/llf/project/stockViz/backendFastapi/app/data_pool/603989_main_report.csv
2025-07-02 13:54:23 - uvicorn.error - INFO - Shutting down
2025-07-02 13:54:24 - uvicorn.error - INFO - Waiting for application shutdown.
2025-07-02 13:54:24 - uvicorn.error - INFO - Application shutdown complete.
2025-07-02 13:54:24 - uvicorn.error - INFO - Finished server process [65213]
2025-07-02 13:54:25 - uvicorn.error - INFO - Started server process [65873]
2025-07-02 13:54:25 - uvicorn.error - INFO - Waiting for application startup.
2025-07-02 13:54:25 - uvicorn.error - INFO - Application startup complete.
2025-07-02 13:54:25 - root - INFO - Excel result: 603989
2025-07-02 13:54:25 - root - INFO - xtl filepath: /Users/llf/project/stockViz/backendFastapi/app/data_pool/603989_main_report.csv
2025-07-02 13:54:53 - uvicorn.error - INFO - Shutting down
2025-07-02 13:54:53 - uvicorn.error - INFO - Waiting for application shutdown.
2025-07-02 13:54:53 - uvicorn.error - INFO - Application shutdown complete.
2025-07-02 13:54:53 - uvicorn.error - INFO - Finished server process [65873]
2025-07-02 13:54:54 - uvicorn.error - INFO - Started server process [66317]
2025-07-02 13:54:54 - uvicorn.error - INFO - Waiting for application startup.
2025-07-02 13:54:54 - uvicorn.error - INFO - Application startup complete.
2025-07-02 13:54:56 - root - INFO - Excel result: 603989
2025-07-02 13:54:56 - root - INFO - xtl filepath: /Users/llf/project/stockViz/backendFastapi/app/data_pool/603989_main_report.csv
2025-07-02 13:57:20 - uvicorn.error - INFO - Shutting down
2025-07-02 13:57:20 - uvicorn.error - INFO - Waiting for application shutdown.
2025-07-02 13:57:20 - uvicorn.error - INFO - Application shutdown complete.
2025-07-02 13:57:20 - uvicorn.error - INFO - Finished server process [66317]
2025-07-02 13:57:21 - uvicorn.error - INFO - Started server process [68396]
2025-07-02 13:57:21 - uvicorn.error - INFO - Waiting for application startup.
2025-07-02 13:57:21 - uvicorn.error - INFO - Application startup complete.
2025-07-02 13:57:22 - root - INFO - Excel result: 603989
2025-07-02 13:57:22 - root - INFO - xtl filepath: /Users/llf/project/stockViz/backendFastapi/app/data_pool/603989_main_report.csv
2025-07-02 13:57:39 - uvicorn.error - INFO - Shutting down
2025-07-02 13:57:39 - uvicorn.error - INFO - Waiting for application shutdown.
2025-07-02 13:57:39 - uvicorn.error - INFO - Application shutdown complete.
2025-07-02 13:57:39 - uvicorn.error - INFO - Finished server process [68396]
2025-07-02 13:57:40 - uvicorn.error - INFO - Started server process [68695]
2025-07-02 13:57:40 - uvicorn.error - INFO - Waiting for application startup.
2025-07-02 13:57:40 - uvicorn.error - INFO - Application startup complete.
2025-07-02 13:57:40 - root - INFO - Excel result: 603989
2025-07-02 13:57:40 - root - INFO - xtl filepath: /Users/llf/project/stockViz/backendFastapi/app/data_pool/603989_main_report.csv
2025-07-02 13:58:26 - uvicorn.error - INFO - Shutting down
2025-07-02 13:58:26 - uvicorn.error - INFO - Waiting for application shutdown.
2025-07-02 13:58:26 - uvicorn.error - INFO - Application shutdown complete.
2025-07-02 13:58:26 - uvicorn.error - INFO - Finished server process [68695]
2025-07-02 13:58:27 - uvicorn.error - INFO - Started server process [69315]
2025-07-02 13:58:27 - uvicorn.error - INFO - Waiting for application startup.
2025-07-02 13:58:27 - uvicorn.error - INFO - Application startup complete.
2025-07-02 13:58:27 - root - INFO - Excel result: 603989
2025-07-02 13:58:27 - root - INFO - xtl filepath: /Users/llf/project/stockViz/backendFastapi/app/data_pool/603989_main_report.csv
2025-07-02 13:59:50 - uvicorn.error - INFO - Shutting down
2025-07-02 13:59:50 - uvicorn.error - INFO - Waiting for application shutdown.
2025-07-02 13:59:50 - uvicorn.error - INFO - Application shutdown complete.
2025-07-02 13:59:50 - uvicorn.error - INFO - Finished server process [69315]
2025-07-02 13:59:51 - uvicorn.error - INFO - Started server process [70502]
2025-07-02 13:59:51 - uvicorn.error - INFO - Waiting for application startup.
2025-07-02 13:59:51 - uvicorn.error - INFO - Application startup complete.
2025-07-02 13:59:51 - root - INFO - Excel result: 603989
2025-07-02 13:59:51 - root - INFO - xtl filepath: /Users/llf/project/stockViz/backendFastapi/app/data_pool/603989_main_report.csv
2025-07-02 14:01:10 - uvicorn.error - INFO - Shutting down
2025-07-02 14:01:10 - uvicorn.error - INFO - Waiting for application shutdown.
2025-07-02 14:01:10 - uvicorn.error - INFO - Application shutdown complete.
2025-07-02 14:01:10 - uvicorn.error - INFO - Finished server process [70502]
2025-07-02 14:01:11 - uvicorn.error - INFO - Started server process [71680]
2025-07-02 14:01:11 - uvicorn.error - INFO - Waiting for application startup.
2025-07-02 14:01:11 - uvicorn.error - INFO - Application startup complete.
2025-07-02 14:01:12 - root - INFO - Excel result: 603989
2025-07-02 14:01:12 - root - INFO - xtl filepath: /Users/llf/project/stockViz/backendFastapi/app/data_pool/603989_main_report.csv
2025-07-02 14:01:57 - uvicorn.error - INFO - Shutting down
2025-07-02 14:01:57 - uvicorn.error - INFO - Waiting for application shutdown.
2025-07-02 14:01:57 - uvicorn.error - INFO - Application shutdown complete.
2025-07-02 14:01:57 - uvicorn.error - INFO - Finished server process [71680]
2025-07-02 14:01:58 - uvicorn.error - INFO - Started server process [72320]
2025-07-02 14:01:58 - uvicorn.error - INFO - Waiting for application startup.
2025-07-02 14:01:58 - uvicorn.error - INFO - Application startup complete.
2025-07-02 14:03:02 - uvicorn.error - INFO - Shutting down
2025-07-02 14:03:02 - uvicorn.error - INFO - Waiting for application shutdown.
2025-07-02 14:03:02 - uvicorn.error - INFO - Application shutdown complete.
2025-07-02 14:03:02 - uvicorn.error - INFO - Finished server process [72320]
2025-07-02 14:03:03 - uvicorn.error - INFO - Started server process [73239]
2025-07-02 14:03:03 - uvicorn.error - INFO - Waiting for application startup.
2025-07-02 14:03:03 - uvicorn.error - INFO - Application startup complete.
2025-07-02 14:04:22 - uvicorn.error - INFO - Shutting down
2025-07-02 14:04:23 - uvicorn.error - INFO - Waiting for application shutdown.
2025-07-02 14:04:23 - uvicorn.error - INFO - Application shutdown complete.
2025-07-02 14:04:23 - uvicorn.error - INFO - Finished server process [73239]
2025-07-02 14:04:37 - uvicorn.error - INFO - Started server process [74638]
2025-07-02 14:04:37 - uvicorn.error - INFO - Waiting for application startup.
2025-07-02 14:04:37 - uvicorn.error - INFO - Application startup complete.
2025-07-02 14:04:46 - uvicorn.error - INFO - Shutting down
2025-07-02 14:04:46 - uvicorn.error - INFO - Waiting for application shutdown.
2025-07-02 14:04:46 - uvicorn.error - INFO - Application shutdown complete.
2025-07-02 14:04:46 - uvicorn.error - INFO - Finished server process [74638]
2025-07-02 14:04:47 - uvicorn.error - INFO - Started server process [74818]
2025-07-02 14:04:47 - uvicorn.error - INFO - Waiting for application startup.
2025-07-02 14:04:47 - uvicorn.error - INFO - Application startup complete.
2025-07-02 14:04:59 - uvicorn.error - INFO - Shutting down
2025-07-02 14:04:59 - uvicorn.error - INFO - Waiting for application shutdown.
2025-07-02 14:04:59 - uvicorn.error - INFO - Application shutdown complete.
2025-07-02 14:04:59 - uvicorn.error - INFO - Finished server process [74818]
2025-07-02 14:05:00 - uvicorn.error - INFO - Started server process [74989]
2025-07-02 14:05:00 - uvicorn.error - INFO - Waiting for application startup.
2025-07-02 14:05:00 - uvicorn.error - INFO - Application startup complete.
2025-07-02 14:06:29 - uvicorn.error - INFO - Shutting down
2025-07-02 14:06:30 - uvicorn.error - INFO - Waiting for application shutdown.
2025-07-02 14:06:30 - uvicorn.error - INFO - Application shutdown complete.
2025-07-02 14:06:30 - uvicorn.error - INFO - Finished server process [74989]
2025-07-02 14:06:31 - uvicorn.error - INFO - Started server process [76356]
2025-07-02 14:06:31 - uvicorn.error - INFO - Waiting for application startup.
2025-07-02 14:06:31 - uvicorn.error - INFO - Application startup complete.
2025-07-02 14:06:39 - uvicorn.error - INFO - Shutting down
2025-07-02 14:06:39 - uvicorn.error - INFO - Waiting for application shutdown.
2025-07-02 14:06:39 - uvicorn.error - INFO - Application shutdown complete.
2025-07-02 14:06:39 - uvicorn.error - INFO - Finished server process [76356]
2025-07-02 14:06:40 - uvicorn.error - INFO - Started server process [76514]
2025-07-02 14:06:40 - uvicorn.error - INFO - Waiting for application startup.
2025-07-02 14:06:40 - uvicorn.error - INFO - Application startup complete.
2025-07-02 14:06:55 - uvicorn.error - INFO - Shutting down
2025-07-02 14:06:55 - uvicorn.error - INFO - Waiting for application shutdown.
2025-07-02 14:06:55 - uvicorn.error - INFO - Application shutdown complete.
2025-07-02 14:06:55 - uvicorn.error - INFO - Finished server process [76514]
2025-07-02 14:06:56 - uvicorn.error - INFO - Started server process [76698]
2025-07-02 14:06:56 - uvicorn.error - INFO - Waiting for application startup.
2025-07-02 14:06:56 - uvicorn.error - INFO - Application startup complete.
2025-07-02 14:07:00 - uvicorn.error - INFO - Shutting down
2025-07-02 14:07:00 - uvicorn.error - INFO - Waiting for application shutdown.
2025-07-02 14:07:00 - uvicorn.error - INFO - Application shutdown complete.
2025-07-02 14:07:00 - uvicorn.error - INFO - Finished server process [76698]
2025-07-02 14:07:01 - uvicorn.error - INFO - Started server process [76738]
2025-07-02 14:07:01 - uvicorn.error - INFO - Waiting for application startup.
2025-07-02 14:07:01 - uvicorn.error - INFO - Application startup complete.
2025-07-02 14:07:20 - root - INFO - Excel result: 603989
2025-07-02 14:07:20 - root - INFO - xtl filepath: /Users/llf/project/stockViz/backendFastapi/app/data_pool/603989_main_report.csv
2025-07-02 14:11:48 - uvicorn.error - INFO - Shutting down
2025-07-02 14:11:48 - uvicorn.error - INFO - Waiting for application shutdown.
2025-07-02 14:11:48 - uvicorn.error - INFO - Application shutdown complete.
2025-07-02 14:11:48 - uvicorn.error - INFO - Finished server process [76738]
2025-07-02 14:11:49 - uvicorn.error - INFO - Started server process [80868]
2025-07-02 14:11:49 - uvicorn.error - INFO - Waiting for application startup.
2025-07-02 14:11:49 - uvicorn.error - INFO - Application startup complete.
2025-07-02 14:11:50 - root - INFO - Excel result: 603989
2025-07-02 14:11:50 - root - INFO - xtl filepath: /Users/llf/project/stockViz/backendFastapi/app/data_pool/603989_main_report.csv
2025-07-02 14:13:40 - uvicorn.error - INFO - Shutting down
2025-07-02 14:13:40 - uvicorn.error - INFO - Waiting for application shutdown.
2025-07-02 14:13:40 - uvicorn.error - INFO - Application shutdown complete.
2025-07-02 14:13:40 - uvicorn.error - INFO - Finished server process [80868]
2025-07-02 14:13:41 - uvicorn.error - INFO - Started server process [82420]
2025-07-02 14:13:41 - uvicorn.error - INFO - Waiting for application startup.
2025-07-02 14:13:41 - uvicorn.error - INFO - Application startup complete.
2025-07-02 14:13:41 - root - INFO - Excel result: 603989
2025-07-02 14:13:41 - root - INFO - xtl filepath: /Users/llf/project/stockViz/backendFastapi/app/data_pool/603989_main_report.csv
2025-07-02 14:14:34 - uvicorn.error - INFO - Shutting down
2025-07-02 14:14:34 - uvicorn.error - INFO - Waiting for application shutdown.
2025-07-02 14:14:34 - uvicorn.error - INFO - Application shutdown complete.
2025-07-02 14:14:34 - uvicorn.error - INFO - Finished server process [82420]
2025-07-02 14:14:35 - uvicorn.error - INFO - Started server process [83188]
2025-07-02 14:14:35 - uvicorn.error - INFO - Waiting for application startup.
2025-07-02 14:14:35 - uvicorn.error - INFO - Application startup complete.
2025-07-02 14:14:36 - root - INFO - Excel result: 603989
2025-07-02 14:14:36 - root - INFO - xtl filepath: /Users/llf/project/stockViz/backendFastapi/app/data_pool/603989_main_report.csv
2025-07-02 14:14:50 - uvicorn.error - INFO - Shutting down
2025-07-02 14:14:51 - uvicorn.error - INFO - Waiting for application shutdown.
2025-07-02 14:14:51 - uvicorn.error - INFO - Application shutdown complete.
2025-07-02 14:14:51 - uvicorn.error - INFO - Finished server process [83188]
2025-07-02 14:14:52 - uvicorn.error - INFO - Started server process [83477]
2025-07-02 14:14:52 - uvicorn.error - INFO - Waiting for application startup.
2025-07-02 14:14:52 - uvicorn.error - INFO - Application startup complete.
2025-07-02 14:15:00 - uvicorn.error - INFO - Shutting down
2025-07-02 14:15:01 - uvicorn.error - INFO - Waiting for application shutdown.
2025-07-02 14:15:01 - uvicorn.error - INFO - Application shutdown complete.
2025-07-02 14:15:01 - uvicorn.error - INFO - Finished server process [83477]
2025-07-02 14:15:02 - uvicorn.error - INFO - Started server process [83636]
2025-07-02 14:15:02 - uvicorn.error - INFO - Waiting for application startup.
2025-07-02 14:15:02 - uvicorn.error - INFO - Application startup complete.
2025-07-02 14:15:02 - root - INFO - Excel result: 603989
2025-07-02 14:15:02 - root - INFO - xtl filepath: /Users/llf/project/stockViz/backendFastapi/app/data_pool/603989_main_report.csv
2025-07-02 14:15:55 - uvicorn.error - INFO - Shutting down
2025-07-02 14:15:55 - uvicorn.error - INFO - Waiting for application shutdown.
2025-07-02 14:15:55 - uvicorn.error - INFO - Application shutdown complete.
2025-07-02 14:15:55 - uvicorn.error - INFO - Finished server process [83636]
2025-07-02 14:15:56 - uvicorn.error - INFO - Started server process [84421]
2025-07-02 14:15:56 - uvicorn.error - INFO - Waiting for application startup.
2025-07-02 14:15:56 - uvicorn.error - INFO - Application startup complete.
2025-07-02 14:16:11 - uvicorn.error - INFO - Shutting down
2025-07-02 14:16:11 - uvicorn.error - INFO - Waiting for application shutdown.
2025-07-02 14:16:11 - uvicorn.error - INFO - Application shutdown complete.
2025-07-02 14:16:11 - uvicorn.error - INFO - Finished server process [84421]
2025-07-02 14:16:13 - uvicorn.error - INFO - Started server process [84603]
2025-07-02 14:16:13 - uvicorn.error - INFO - Waiting for application startup.
2025-07-02 14:16:13 - uvicorn.error - INFO - Application startup complete.
2025-07-02 14:16:28 - uvicorn.error - INFO - Shutting down
2025-07-02 14:16:28 - uvicorn.error - INFO - Waiting for application shutdown.
2025-07-02 14:16:28 - uvicorn.error - INFO - Application shutdown complete.
2025-07-02 14:16:28 - uvicorn.error - INFO - Finished server process [84603]
2025-07-02 14:16:29 - uvicorn.error - INFO - Started server process [84905]
2025-07-02 14:16:29 - uvicorn.error - INFO - Waiting for application startup.
2025-07-02 14:16:29 - uvicorn.error - INFO - Application startup complete.
2025-07-02 14:16:54 - uvicorn.error - INFO - Shutting down
2025-07-02 14:16:54 - uvicorn.error - INFO - Waiting for application shutdown.
2025-07-02 14:16:54 - uvicorn.error - INFO - Application shutdown complete.
2025-07-02 14:16:54 - uvicorn.error - INFO - Finished server process [84905]
2025-07-02 14:16:55 - uvicorn.error - INFO - Started server process [85231]
2025-07-02 14:16:55 - uvicorn.error - INFO - Waiting for application startup.
2025-07-02 14:16:55 - uvicorn.error - INFO - Application startup complete.
2025-07-02 14:17:15 - uvicorn.error - INFO - Shutting down
2025-07-02 14:17:15 - uvicorn.error - INFO - Waiting for application shutdown.
2025-07-02 14:17:15 - uvicorn.error - INFO - Application shutdown complete.
2025-07-02 14:17:15 - uvicorn.error - INFO - Finished server process [85231]
2025-07-02 14:17:17 - uvicorn.error - INFO - Started server process [85545]
2025-07-02 14:17:17 - uvicorn.error - INFO - Waiting for application startup.
2025-07-02 14:17:17 - uvicorn.error - INFO - Application startup complete.
2025-07-02 14:32:05 - root - INFO - Excel result: 603989
2025-07-02 14:32:05 - root - INFO - xtl filepath: /Users/llf/project/stockViz/backendFastapi/app/data_pool/603989_main_report.csv
2025-07-02 14:41:00 - root - INFO - Excel result: 603989
2025-07-02 14:41:00 - root - INFO - xtl filepath: /Users/llf/project/stockViz/backendFastapi/app/data_pool/603989_main_report.csv
2025-07-02 14:43:00 - uvicorn.error - INFO - Shutting down
2025-07-02 14:43:00 - uvicorn.error - INFO - Waiting for application shutdown.
2025-07-02 14:43:00 - uvicorn.error - INFO - Application shutdown complete.
2025-07-02 14:43:00 - uvicorn.error - INFO - Finished server process [85545]
2025-07-02 14:43:01 - uvicorn.error - INFO - Started server process [7968]
2025-07-02 14:43:01 - uvicorn.error - INFO - Waiting for application startup.
2025-07-02 14:43:01 - uvicorn.error - INFO - Application startup complete.
2025-07-02 14:43:46 - root - INFO - Excel result: 603989
2025-07-02 14:43:46 - root - INFO - xtl filepath: /Users/llf/project/stockViz/backendFastapi/app/data_pool/603989_main_report.csv
2025-07-02 15:07:49 - uvicorn.error - INFO - Shutting down
2025-07-02 15:07:49 - uvicorn.error - INFO - Waiting for application shutdown.
2025-07-02 15:07:49 - uvicorn.error - INFO - Application shutdown complete.
2025-07-02 15:07:49 - uvicorn.error - INFO - Finished server process [7968]
2025-07-02 15:07:50 - uvicorn.error - INFO - Started server process [15537]
2025-07-02 15:07:50 - uvicorn.error - INFO - Waiting for application startup.
2025-07-02 15:07:50 - uvicorn.error - INFO - Application startup complete.
2025-07-02 15:07:53 - root - INFO - Excel result: 603989
2025-07-02 15:07:53 - root - INFO - xtl filepath: /Users/llf/project/stockViz/backendFastapi/app/data_pool/603989_main_report.csv
2025-07-02 15:08:40 - uvicorn.error - INFO - Shutting down
2025-07-02 15:08:40 - uvicorn.error - INFO - Waiting for application shutdown.
2025-07-02 15:08:40 - uvicorn.error - INFO - Application shutdown complete.
2025-07-02 15:08:40 - uvicorn.error - INFO - Finished server process [15537]
2025-07-02 15:08:41 - uvicorn.error - INFO - Started server process [16199]
2025-07-02 15:08:41 - uvicorn.error - INFO - Waiting for application startup.
2025-07-02 15:08:41 - uvicorn.error - INFO - Application startup complete.
2025-07-02 15:12:26 - uvicorn.error - INFO - Shutting down
2025-07-02 15:12:26 - uvicorn.error - INFO - Waiting for application shutdown.
2025-07-02 15:12:26 - uvicorn.error - INFO - Application shutdown complete.
2025-07-02 15:12:26 - uvicorn.error - INFO - Finished server process [16199]
2025-07-02 15:12:27 - uvicorn.error - INFO - Started server process [19357]
2025-07-02 15:12:27 - uvicorn.error - INFO - Waiting for application startup.
2025-07-02 15:12:27 - uvicorn.error - INFO - Application startup complete.
2025-07-02 15:12:27 - root - INFO - Excel result: 603989
2025-07-02 15:12:27 - root - INFO - xtl filepath: /Users/llf/project/stockViz/backendFastapi/app/data_pool/603989_main_report.csv
2025-07-02 15:14:53 - uvicorn.error - INFO - Shutting down
2025-07-02 15:14:53 - uvicorn.error - INFO - Waiting for application shutdown.
2025-07-02 15:14:53 - uvicorn.error - INFO - Application shutdown complete.
2025-07-02 15:14:53 - uvicorn.error - INFO - Finished server process [19357]
2025-07-02 15:14:54 - uvicorn.error - INFO - Started server process [21461]
2025-07-02 15:14:54 - uvicorn.error - INFO - Waiting for application startup.
2025-07-02 15:14:54 - uvicorn.error - INFO - Application startup complete.
2025-07-02 15:14:56 - root - INFO - Excel result: 603989
2025-07-02 15:14:56 - root - INFO - xtl filepath: /Users/llf/project/stockViz/backendFastapi/app/data_pool/603989_main_report.csv
2025-07-02 15:20:21 - uvicorn.error - INFO - Shutting down
2025-07-02 15:20:21 - uvicorn.error - INFO - Waiting for application shutdown.
2025-07-02 15:20:21 - uvicorn.error - INFO - Application shutdown complete.
2025-07-02 15:20:21 - uvicorn.error - INFO - Finished server process [21461]
2025-07-02 15:20:22 - uvicorn.error - INFO - Started server process [26086]
2025-07-02 15:20:22 - uvicorn.error - INFO - Waiting for application startup.
2025-07-02 15:20:22 - uvicorn.error - INFO - Application startup complete.
2025-07-02 15:20:42 - uvicorn.error - INFO - Shutting down
2025-07-02 15:20:42 - uvicorn.error - INFO - Waiting for application shutdown.
2025-07-02 15:20:42 - uvicorn.error - INFO - Application shutdown complete.
2025-07-02 15:20:42 - uvicorn.error - INFO - Finished server process [26086]
2025-07-02 15:20:43 - uvicorn.error - INFO - Started server process [26407]
2025-07-02 15:20:43 - uvicorn.error - INFO - Waiting for application startup.
2025-07-02 15:20:43 - uvicorn.error - INFO - Application startup complete.
2025-07-02 15:20:49 - root - INFO - Excel result: 603989
2025-07-02 15:20:49 - root - INFO - xtl filepath: /Users/llf/project/stockViz/backendFastapi/app/data_pool/603989_main_report.csv
2025-07-02 15:21:01 - uvicorn.error - INFO - Shutting down
2025-07-02 15:21:01 - uvicorn.error - INFO - Waiting for application shutdown.
2025-07-02 15:21:01 - uvicorn.error - INFO - Application shutdown complete.
2025-07-02 15:21:01 - uvicorn.error - INFO - Finished server process [26407]
2025-07-02 15:21:02 - uvicorn.error - INFO - Started server process [26600]
2025-07-02 15:21:02 - uvicorn.error - INFO - Waiting for application startup.
2025-07-02 15:21:02 - uvicorn.error - INFO - Application startup complete.
2025-07-02 15:21:03 - root - INFO - Excel result: 603989
2025-07-02 15:21:03 - root - INFO - xtl filepath: /Users/llf/project/stockViz/backendFastapi/app/data_pool/603989_main_report.csv
2025-07-02 15:21:48 - uvicorn.error - INFO - Shutting down
2025-07-02 15:21:48 - uvicorn.error - INFO - Waiting for application shutdown.
2025-07-02 15:21:48 - uvicorn.error - INFO - Application shutdown complete.
2025-07-02 15:21:48 - uvicorn.error - INFO - Finished server process [26600]
2025-07-02 15:21:49 - uvicorn.error - INFO - Started server process [27335]
2025-07-02 15:21:49 - uvicorn.error - INFO - Waiting for application startup.
2025-07-02 15:21:49 - uvicorn.error - INFO - Application startup complete.
2025-07-02 15:21:50 - root - INFO - Excel result: 603989
2025-07-02 15:21:50 - root - INFO - xtl filepath: /Users/llf/project/stockViz/backendFastapi/app/data_pool/603989_main_report.csv
2025-07-02 15:27:18 - uvicorn.error - INFO - Shutting down
2025-07-02 15:27:18 - uvicorn.error - INFO - Waiting for application shutdown.
2025-07-02 15:27:18 - uvicorn.error - INFO - Application shutdown complete.
2025-07-02 15:27:18 - uvicorn.error - INFO - Finished server process [27335]
2025-07-02 15:27:19 - uvicorn.error - INFO - Started server process [32010]
2025-07-02 15:27:19 - uvicorn.error - INFO - Waiting for application startup.
2025-07-02 15:27:19 - uvicorn.error - INFO - Application startup complete.
2025-07-02 15:27:20 - root - INFO - Excel result: 603989
2025-07-02 15:27:20 - root - INFO - xtl filepath: /Users/llf/project/stockViz/backendFastapi/app/data_pool/603989_main_report.csv
2025-07-02 15:28:27 - uvicorn.error - INFO - Shutting down
2025-07-02 15:28:27 - uvicorn.error - INFO - Waiting for application shutdown.
2025-07-02 15:28:27 - uvicorn.error - INFO - Application shutdown complete.
2025-07-02 15:28:27 - uvicorn.error - INFO - Finished server process [32010]
2025-07-02 15:28:28 - uvicorn.error - INFO - Started server process [32953]
2025-07-02 15:28:28 - uvicorn.error - INFO - Waiting for application startup.
2025-07-02 15:28:28 - uvicorn.error - INFO - Application startup complete.
2025-07-02 15:28:41 - uvicorn.error - INFO - Shutting down
2025-07-02 15:28:41 - uvicorn.error - INFO - Waiting for application shutdown.
2025-07-02 15:28:41 - uvicorn.error - INFO - Application shutdown complete.
2025-07-02 15:28:41 - uvicorn.error - INFO - Finished server process [32953]
2025-07-02 15:28:42 - uvicorn.error - INFO - Started server process [33127]
2025-07-02 15:28:42 - uvicorn.error - INFO - Waiting for application startup.
2025-07-02 15:28:42 - uvicorn.error - INFO - Application startup complete.
2025-07-02 15:28:44 - uvicorn.error - INFO - Shutting down
2025-07-02 15:28:44 - uvicorn.error - INFO - Waiting for application shutdown.
2025-07-02 15:28:44 - uvicorn.error - INFO - Application shutdown complete.
2025-07-02 15:28:44 - uvicorn.error - INFO - Finished server process [33127]
2025-07-02 15:28:45 - uvicorn.error - INFO - Started server process [33250]
2025-07-02 15:28:45 - uvicorn.error - INFO - Waiting for application startup.
2025-07-02 15:28:45 - uvicorn.error - INFO - Application startup complete.
2025-07-02 15:28:55 - uvicorn.error - INFO - Shutting down
2025-07-02 15:28:55 - uvicorn.error - INFO - Waiting for application shutdown.
2025-07-02 15:28:55 - uvicorn.error - INFO - Application shutdown complete.
2025-07-02 15:28:55 - uvicorn.error - INFO - Finished server process [33250]
2025-07-02 15:28:56 - uvicorn.error - INFO - Started server process [33417]
2025-07-02 15:28:56 - uvicorn.error - INFO - Waiting for application startup.
2025-07-02 15:28:56 - uvicorn.error - INFO - Application startup complete.
2025-07-02 15:28:57 - root - INFO - Excel result: 603989
2025-07-02 15:28:57 - root - INFO - xtl filepath: /Users/llf/project/stockViz/backendFastapi/app/data_pool/603989_main_report.csv
2025-07-02 15:29:12 - uvicorn.error - INFO - Shutting down
2025-07-02 15:29:12 - uvicorn.error - INFO - Waiting for application shutdown.
2025-07-02 15:29:12 - uvicorn.error - INFO - Application shutdown complete.
2025-07-02 15:29:12 - uvicorn.error - INFO - Finished server process [33417]
2025-07-02 15:29:13 - uvicorn.error - INFO - Started server process [33613]
2025-07-02 15:29:13 - uvicorn.error - INFO - Waiting for application startup.
2025-07-02 15:29:13 - uvicorn.error - INFO - Application startup complete.
2025-07-02 15:29:40 - uvicorn.error - INFO - Shutting down
2025-07-02 15:29:40 - uvicorn.error - INFO - Waiting for application shutdown.
2025-07-02 15:29:40 - uvicorn.error - INFO - Application shutdown complete.
2025-07-02 15:29:40 - uvicorn.error - INFO - Finished server process [33613]
2025-07-02 15:29:41 - uvicorn.error - INFO - Started server process [34069]
2025-07-02 15:29:41 - uvicorn.error - INFO - Waiting for application startup.
2025-07-02 15:29:41 - uvicorn.error - INFO - Application startup complete.
2025-07-02 15:29:42 - root - INFO - Excel result: 603989
2025-07-02 15:29:42 - root - INFO - xtl filepath: /Users/llf/project/stockViz/backendFastapi/app/data_pool/603989_main_report.csv
2025-07-02 15:30:35 - uvicorn.error - INFO - Shutting down
2025-07-02 15:30:35 - uvicorn.error - INFO - Waiting for application shutdown.
2025-07-02 15:30:35 - uvicorn.error - INFO - Application shutdown complete.
2025-07-02 15:30:35 - uvicorn.error - INFO - Finished server process [34069]
2025-07-02 15:30:36 - uvicorn.error - INFO - Started server process [34833]
2025-07-02 15:30:36 - uvicorn.error - INFO - Waiting for application startup.
2025-07-02 15:30:36 - uvicorn.error - INFO - Application startup complete.
2025-07-02 15:30:36 - uvicorn.error - INFO - Shutting down
2025-07-02 15:30:37 - uvicorn.error - INFO - Waiting for application shutdown.
2025-07-02 15:30:37 - uvicorn.error - INFO - Application shutdown complete.
2025-07-02 15:30:37 - uvicorn.error - INFO - Finished server process [34833]
2025-07-02 15:30:38 - uvicorn.error - INFO - Started server process [34851]
2025-07-02 15:30:38 - uvicorn.error - INFO - Waiting for application startup.
2025-07-02 15:30:38 - uvicorn.error - INFO - Application startup complete.
2025-07-02 15:30:40 - root - INFO - Excel result: 603989
2025-07-02 15:30:40 - root - INFO - xtl filepath: /Users/llf/project/stockViz/backendFastapi/app/data_pool/603989_main_report.csv
2025-07-02 15:31:18 - uvicorn.error - INFO - Shutting down
2025-07-02 15:31:18 - uvicorn.error - INFO - Waiting for application shutdown.
2025-07-02 15:31:18 - uvicorn.error - INFO - Application shutdown complete.
2025-07-02 15:31:18 - uvicorn.error - INFO - Finished server process [34851]
2025-07-02 15:31:19 - uvicorn.error - INFO - Started server process [35453]
2025-07-02 15:31:19 - uvicorn.error - INFO - Waiting for application startup.
2025-07-02 15:31:19 - uvicorn.error - INFO - Application startup complete.
2025-07-02 15:31:19 - root - INFO - Excel result: 603989
2025-07-02 15:31:19 - root - INFO - xtl filepath: /Users/llf/project/stockViz/backendFastapi/app/data_pool/603989_main_report.csv
2025-07-02 17:46:00 - uvicorn.error - INFO - Shutting down
2025-07-02 17:46:00 - uvicorn.error - INFO - Waiting for application shutdown.
2025-07-02 17:46:00 - uvicorn.error - INFO - Application shutdown complete.
2025-07-02 17:46:00 - uvicorn.error - INFO - Finished server process [35453]
2025-07-02 17:46:01 - uvicorn.error - INFO - Started server process [71511]
2025-07-02 17:46:01 - uvicorn.error - INFO - Waiting for application startup.
2025-07-02 17:46:01 - uvicorn.error - INFO - Application startup complete.
2025-07-02 17:48:08 - uvicorn.error - INFO - Shutting down
2025-07-02 17:48:08 - uvicorn.error - INFO - Waiting for application shutdown.
2025-07-02 17:48:08 - uvicorn.error - INFO - Application shutdown complete.
2025-07-02 17:48:08 - uvicorn.error - INFO - Finished server process [71511]
2025-07-02 17:48:09 - uvicorn.error - INFO - Started server process [73313]
2025-07-02 17:48:09 - uvicorn.error - INFO - Waiting for application startup.
2025-07-02 17:48:09 - uvicorn.error - INFO - Application startup complete.
2025-07-02 17:48:24 - uvicorn.error - INFO - Shutting down
2025-07-02 17:48:24 - uvicorn.error - INFO - Waiting for application shutdown.
2025-07-02 17:48:24 - uvicorn.error - INFO - Application shutdown complete.
2025-07-02 17:48:24 - uvicorn.error - INFO - Finished server process [73313]
2025-07-02 17:48:25 - uvicorn.error - INFO - Started server process [73590]
2025-07-02 17:48:25 - uvicorn.error - INFO - Waiting for application startup.
2025-07-02 17:48:25 - uvicorn.error - INFO - Application startup complete.
2025-07-02 17:50:06 - uvicorn.error - INFO - Shutting down
2025-07-02 17:50:07 - uvicorn.error - INFO - Waiting for application shutdown.
2025-07-02 17:50:07 - uvicorn.error - INFO - Application shutdown complete.
2025-07-02 17:50:07 - uvicorn.error - INFO - Finished server process [73590]
2025-07-02 17:50:08 - uvicorn.error - INFO - Started server process [74982]
2025-07-02 17:50:08 - uvicorn.error - INFO - Waiting for application startup.
2025-07-02 17:50:08 - uvicorn.error - INFO - Application startup complete.
2025-07-02 17:50:29 - uvicorn.error - INFO - Shutting down
2025-07-02 17:50:29 - uvicorn.error - INFO - Waiting for application shutdown.
2025-07-02 17:50:29 - uvicorn.error - INFO - Application shutdown complete.
2025-07-02 17:50:29 - uvicorn.error - INFO - Finished server process [74982]
2025-07-02 17:50:30 - uvicorn.error - INFO - Started server process [75318]
2025-07-02 17:50:30 - uvicorn.error - INFO - Waiting for application startup.
2025-07-02 17:50:30 - uvicorn.error - INFO - Application startup complete.
2025-07-02 17:51:16 - uvicorn.error - INFO - Shutting down
2025-07-02 17:51:16 - uvicorn.error - INFO - Waiting for application shutdown.
2025-07-02 17:51:16 - uvicorn.error - INFO - Application shutdown complete.
2025-07-02 17:51:16 - uvicorn.error - INFO - Finished server process [75318]
2025-07-02 17:51:17 - uvicorn.error - INFO - Started server process [76056]
2025-07-02 17:51:17 - uvicorn.error - INFO - Waiting for application startup.
2025-07-02 17:51:17 - uvicorn.error - INFO - Application startup complete.
2025-07-02 17:55:38 - uvicorn.error - INFO - Shutting down
2025-07-02 17:55:38 - uvicorn.error - INFO - Waiting for application shutdown.
2025-07-02 17:55:38 - uvicorn.error - INFO - Application shutdown complete.
2025-07-02 17:55:38 - uvicorn.error - INFO - Finished server process [76056]
2025-07-02 17:55:39 - uvicorn.error - INFO - Started server process [79768]
2025-07-02 17:55:39 - uvicorn.error - INFO - Waiting for application startup.
2025-07-02 17:55:39 - uvicorn.error - INFO - Application startup complete.
2025-07-02 17:57:13 - uvicorn.error - INFO - Shutting down
2025-07-02 17:57:13 - uvicorn.error - INFO - Waiting for application shutdown.
2025-07-02 17:57:13 - uvicorn.error - INFO - Application shutdown complete.
2025-07-02 17:57:13 - uvicorn.error - INFO - Finished server process [79768]
2025-07-02 17:57:15 - uvicorn.error - INFO - Started server process [81147]
2025-07-02 17:57:15 - uvicorn.error - INFO - Waiting for application startup.
2025-07-02 17:57:15 - uvicorn.error - INFO - Application startup complete.
2025-07-02 17:59:01 - uvicorn.error - INFO - Shutting down
2025-07-02 17:59:01 - uvicorn.error - INFO - Waiting for application shutdown.
2025-07-02 17:59:01 - uvicorn.error - INFO - Application shutdown complete.
2025-07-02 17:59:01 - uvicorn.error - INFO - Finished server process [81147]
2025-07-02 17:59:02 - uvicorn.error - INFO - Started server process [82668]
2025-07-02 17:59:02 - uvicorn.error - INFO - Waiting for application startup.
2025-07-02 17:59:02 - uvicorn.error - INFO - Application startup complete.
2025-07-02 18:06:25 - uvicorn.error - INFO - Shutting down
2025-07-02 18:06:25 - uvicorn.error - INFO - Waiting for application shutdown.
2025-07-02 18:06:25 - uvicorn.error - INFO - Application shutdown complete.
2025-07-02 18:06:25 - uvicorn.error - INFO - Finished server process [82668]
2025-07-02 18:06:26 - uvicorn.error - INFO - Started server process [88945]
2025-07-02 18:06:26 - uvicorn.error - INFO - Waiting for application startup.
2025-07-02 18:06:26 - uvicorn.error - INFO - Application startup complete.
2025-07-02 18:06:59 - uvicorn.error - INFO - Shutting down
2025-07-02 18:06:59 - uvicorn.error - INFO - Waiting for application shutdown.
2025-07-02 18:06:59 - uvicorn.error - INFO - Application shutdown complete.
2025-07-02 18:06:59 - uvicorn.error - INFO - Finished server process [88945]
2025-07-02 18:07:00 - uvicorn.error - INFO - Started server process [89427]
2025-07-02 18:07:00 - uvicorn.error - INFO - Waiting for application startup.
2025-07-02 18:07:00 - uvicorn.error - INFO - Application startup complete.
2025-07-02 18:07:34 - uvicorn.error - INFO - Shutting down
2025-07-02 18:07:34 - uvicorn.error - INFO - Waiting for application shutdown.
2025-07-02 18:07:34 - uvicorn.error - INFO - Application shutdown complete.
2025-07-02 18:07:34 - uvicorn.error - INFO - Finished server process [89427]
2025-07-02 18:10:05 - uvicorn.error - INFO - Started server process [92072]
2025-07-02 18:10:05 - uvicorn.error - INFO - Waiting for application startup.
2025-07-02 18:10:05 - uvicorn.error - INFO - Application startup complete.
2025-07-02 18:12:50 - uvicorn.error - INFO - Shutting down
2025-07-02 18:12:50 - uvicorn.error - INFO - Waiting for application shutdown.
2025-07-02 18:12:50 - uvicorn.error - INFO - Application shutdown complete.
2025-07-02 18:12:50 - uvicorn.error - INFO - Finished server process [92072]
2025-07-02 18:12:51 - uvicorn.error - INFO - Started server process [94498]
2025-07-02 18:12:51 - uvicorn.error - INFO - Waiting for application startup.
2025-07-02 18:12:51 - uvicorn.error - INFO - Application startup complete.
2025-07-02 18:13:02 - uvicorn.error - INFO - Shutting down
2025-07-02 18:13:02 - uvicorn.error - INFO - Waiting for application shutdown.
2025-07-02 18:13:02 - uvicorn.error - INFO - Application shutdown complete.
2025-07-02 18:13:02 - uvicorn.error - INFO - Finished server process [94498]
2025-07-02 18:13:19 - uvicorn.error - INFO - Started server process [94956]
2025-07-02 18:13:19 - uvicorn.error - INFO - Waiting for application startup.
2025-07-02 18:13:19 - uvicorn.error - INFO - Application startup complete.
2025-07-02 18:14:03 - uvicorn.error - INFO - Shutting down
2025-07-02 18:14:03 - uvicorn.error - INFO - Waiting for application shutdown.
2025-07-02 18:14:03 - uvicorn.error - INFO - Application shutdown complete.
2025-07-02 18:14:03 - uvicorn.error - INFO - Finished server process [94956]
2025-07-02 18:14:04 - uvicorn.error - INFO - Started server process [95588]
2025-07-02 18:14:04 - uvicorn.error - INFO - Waiting for application startup.
2025-07-02 18:14:04 - uvicorn.error - INFO - Application startup complete.
2025-07-02 18:14:13 - root - INFO - xtl filepath: /Users/llf/project/stockViz/backendFastapi/app/data_pool/603989_main_report.csv
2025-07-02 18:17:05 - uvicorn.error - INFO - Shutting down
2025-07-02 18:17:05 - uvicorn.error - INFO - Waiting for application shutdown.
2025-07-02 18:17:05 - uvicorn.error - INFO - Application shutdown complete.
2025-07-02 18:17:05 - uvicorn.error - INFO - Finished server process [95588]
2025-07-02 18:17:06 - uvicorn.error - INFO - Started server process [98144]
2025-07-02 18:17:06 - uvicorn.error - INFO - Waiting for application startup.
2025-07-02 18:17:06 - uvicorn.error - INFO - Application startup complete.
2025-07-02 18:20:14 - uvicorn.error - INFO - Shutting down
2025-07-02 18:20:14 - uvicorn.error - INFO - Waiting for application shutdown.
2025-07-02 18:20:14 - uvicorn.error - INFO - Application shutdown complete.
2025-07-02 18:20:14 - uvicorn.error - INFO - Finished server process [98144]
2025-07-02 18:20:15 - uvicorn.error - INFO - Started server process [1060]
2025-07-02 18:20:15 - uvicorn.error - INFO - Waiting for application startup.
2025-07-02 18:20:15 - uvicorn.error - INFO - Application startup complete.
2025-07-02 18:20:25 - root - INFO - xtl filepath: /Users/llf/project/stockViz/backendFastapi/app/data_pool/603989_main_report.csv
2025-07-02 18:22:27 - uvicorn.error - INFO - Shutting down
2025-07-02 18:22:27 - uvicorn.error - INFO - Waiting for application shutdown.
2025-07-02 18:22:27 - uvicorn.error - INFO - Application shutdown complete.
2025-07-02 18:22:27 - uvicorn.error - INFO - Finished server process [1060]
2025-07-02 18:22:28 - uvicorn.error - INFO - Started server process [2959]
2025-07-02 18:22:28 - uvicorn.error - INFO - Waiting for application startup.
2025-07-02 18:22:28 - uvicorn.error - INFO - Application startup complete.
2025-07-02 18:22:34 - uvicorn.error - INFO - Shutting down
2025-07-02 18:22:34 - uvicorn.error - INFO - Waiting for application shutdown.
2025-07-02 18:22:34 - uvicorn.error - INFO - Application shutdown complete.
2025-07-02 18:22:34 - uvicorn.error - INFO - Finished server process [2959]
2025-07-02 18:22:35 - uvicorn.error - INFO - Started server process [3121]
2025-07-02 18:22:35 - uvicorn.error - INFO - Waiting for application startup.
2025-07-02 18:22:35 - uvicorn.error - INFO - Application startup complete.
2025-07-02 18:22:37 - root - INFO - xtl filepath: /Users/llf/project/stockViz/backendFastapi/app/data_pool/603989_main_report.csv
2025-07-02 18:24:22 - uvicorn.error - INFO - Shutting down
2025-07-02 18:24:22 - uvicorn.error - INFO - Waiting for application shutdown.
2025-07-02 18:24:22 - uvicorn.error - INFO - Application shutdown complete.
2025-07-02 18:24:22 - uvicorn.error - INFO - Finished server process [3121]
2025-07-02 18:24:23 - uvicorn.error - INFO - Started server process [4634]
2025-07-02 18:24:23 - uvicorn.error - INFO - Waiting for application startup.
2025-07-02 18:24:23 - uvicorn.error - INFO - Application startup complete.
2025-07-02 18:24:28 - root - INFO - xtl filepath: /Users/llf/project/stockViz/backendFastapi/app/data_pool/603989_main_report.csv
2025-07-02 18:25:08 - uvicorn.error - INFO - Shutting down
2025-07-02 18:25:08 - uvicorn.error - INFO - Waiting for application shutdown.
2025-07-02 18:25:08 - uvicorn.error - INFO - Application shutdown complete.
2025-07-02 18:25:08 - uvicorn.error - INFO - Finished server process [4634]
2025-07-02 18:25:09 - uvicorn.error - INFO - Started server process [5272]
2025-07-02 18:25:09 - uvicorn.error - INFO - Waiting for application startup.
2025-07-02 18:25:09 - uvicorn.error - INFO - Application startup complete.
2025-07-02 18:25:10 - root - INFO - xtl filepath: /Users/llf/project/stockViz/backendFastapi/app/data_pool/603989_main_report.csv
2025-07-02 18:26:21 - uvicorn.error - INFO - Shutting down
2025-07-02 18:26:21 - uvicorn.error - INFO - Waiting for application shutdown.
2025-07-02 18:26:21 - uvicorn.error - INFO - Application shutdown complete.
2025-07-02 18:26:21 - uvicorn.error - INFO - Finished server process [5272]
2025-07-02 18:26:22 - uvicorn.error - INFO - Started server process [6338]
2025-07-02 18:26:22 - uvicorn.error - INFO - Waiting for application startup.
2025-07-02 18:26:22 - uvicorn.error - INFO - Application startup complete.
2025-07-02 18:26:52 - uvicorn.error - INFO - Shutting down
2025-07-02 18:26:52 - uvicorn.error - INFO - Waiting for application shutdown.
2025-07-02 18:26:52 - uvicorn.error - INFO - Application shutdown complete.
2025-07-02 18:26:52 - uvicorn.error - INFO - Finished server process [6338]
2025-07-02 18:26:53 - uvicorn.error - INFO - Started server process [6794]
2025-07-02 18:26:53 - uvicorn.error - INFO - Waiting for application startup.
2025-07-02 18:26:53 - uvicorn.error - INFO - Application startup complete.
2025-07-02 18:26:53 - root - INFO - xtl filepath: /Users/llf/project/stockViz/backendFastapi/app/data_pool/603989_main_report.csv
2025-07-02 18:28:26 - uvicorn.error - INFO - Shutting down
2025-07-02 18:28:27 - uvicorn.error - INFO - Waiting for application shutdown.
2025-07-02 18:28:27 - uvicorn.error - INFO - Application shutdown complete.
2025-07-02 18:28:27 - uvicorn.error - INFO - Finished server process [6794]
2025-07-02 18:28:28 - uvicorn.error - INFO - Started server process [8157]
2025-07-02 18:28:28 - uvicorn.error - INFO - Waiting for application startup.
2025-07-02 18:28:28 - uvicorn.error - INFO - Application startup complete.
2025-07-02 18:28:33 - uvicorn.error - INFO - Shutting down
2025-07-02 18:28:33 - uvicorn.error - INFO - Waiting for application shutdown.
2025-07-02 18:28:33 - uvicorn.error - INFO - Application shutdown complete.
2025-07-02 18:28:33 - uvicorn.error - INFO - Finished server process [8157]
2025-07-02 18:28:34 - uvicorn.error - INFO - Started server process [8193]
2025-07-02 18:28:34 - uvicorn.error - INFO - Waiting for application startup.
2025-07-02 18:28:34 - uvicorn.error - INFO - Application startup complete.
2025-07-02 18:28:37 - root - INFO - xtl filepath: /Users/llf/project/stockViz/backendFastapi/app/data_pool/603989_main_report.csv
2025-07-02 18:32:01 - uvicorn.error - INFO - Shutting down
2025-07-02 18:32:01 - uvicorn.error - INFO - Waiting for application shutdown.
2025-07-02 18:32:01 - uvicorn.error - INFO - Application shutdown complete.
2025-07-02 18:32:01 - uvicorn.error - INFO - Finished server process [8193]
2025-07-02 18:32:03 - uvicorn.error - INFO - Started server process [11249]
2025-07-02 18:32:03 - uvicorn.error - INFO - Waiting for application startup.
2025-07-02 18:32:03 - uvicorn.error - INFO - Application startup complete.
2025-07-02 18:32:03 - root - INFO - xtl filepath: /Users/llf/project/stockViz/backendFastapi/app/data_pool/603989_main_report.csv
2025-07-02 18:32:13 - uvicorn.error - INFO - Shutting down
2025-07-02 18:32:13 - uvicorn.error - INFO - Waiting for application shutdown.
2025-07-02 18:32:13 - uvicorn.error - INFO - Application shutdown complete.
2025-07-02 18:32:13 - uvicorn.error - INFO - Finished server process [11249]
2025-07-02 18:32:16 - uvicorn.error - INFO - Will watch for changes in these directories: ['/Users/llf/project/stockViz/backendFastapi/app']
2025-07-02 18:32:16 - uvicorn.error - INFO - Uvicorn running on http://127.0.0.1:8000 (Press CTRL+C to quit)
2025-07-02 18:32:16 - uvicorn.error - INFO - Started reloader process [11517] using WatchFiles
2025-07-02 18:32:17 - uvicorn.error - INFO - Started server process [11519]
2025-07-02 18:32:17 - uvicorn.error - INFO - Waiting for application startup.
2025-07-02 18:32:17 - uvicorn.error - INFO - Application startup complete.
2025-07-02 18:32:29 - root - INFO - xtl filepath: /Users/llf/project/stockViz/backendFastapi/app/data_pool/603989_main_report.csv
2025-07-02 18:32:47 - watchfiles.main - DEBUG - 1 change detected: {(<Change.modified: 2>, '/Users/llf/project/stockViz/backendFastapi/app/data_procesing/metrics_data_calculator_cn.py')}
2025-07-02 18:32:47 - uvicorn.error - WARNING - WatchFiles detected changes in 'data_procesing/metrics_data_calculator_cn.py'. Reloading...
2025-07-02 18:32:47 - uvicorn.error - INFO - Shutting down
2025-07-02 18:32:48 - uvicorn.error - INFO - Waiting for application shutdown.
2025-07-02 18:32:48 - uvicorn.error - INFO - Application shutdown complete.
2025-07-02 18:32:48 - uvicorn.error - INFO - Finished server process [11519]
2025-07-02 18:32:48 - watchfiles.main - DEBUG - 1 change detected: {(<Change.modified: 2>, '/Users/llf/project/stockViz/backendFastapi/app/logs/app_20250702.log')}
2025-07-02 18:32:49 - uvicorn.error - INFO - Started server process [11982]
2025-07-02 18:32:49 - uvicorn.error - INFO - Waiting for application startup.
2025-07-02 18:32:49 - uvicorn.error - INFO - Application startup complete.
2025-07-02 18:32:49 - watchfiles.main - DEBUG - 3 changes detected: {(<Change.added: 1>, '/Users/llf/project/stockViz/backendFastapi/app/data_procesing/__pycache__/metrics_data_calculator_cn.cpython-312.pyc'), (<Change.deleted: 3>, '/Users/llf/project/stockViz/backendFastapi/app/data_procesing/__pycache__/metrics_data_calculator_cn.cpython-312.pyc.4781938672'), (<Change.added: 1>, '/Users/llf/project/stockViz/backendFastapi/app/data_procesing/__pycache__/metrics_data_calculator_cn.cpython-312.pyc.4781938672')}
2025-07-02 18:32:49 - root - INFO - xtl filepath: /Users/llf/project/stockViz/backendFastapi/app/data_pool/603989_main_report.csv
2025-07-02 18:38:13 - watchfiles.main - DEBUG - 1 change detected: {(<Change.modified: 2>, '/Users/llf/project/stockViz/backendFastapi/app/models/fundamental_model.py')}
2025-07-02 18:38:13 - uvicorn.error - WARNING - WatchFiles detected changes in 'models/fundamental_model.py'. Reloading...
2025-07-02 18:38:13 - uvicorn.error - INFO - Shutting down
2025-07-02 18:38:13 - uvicorn.error - INFO - Waiting for application shutdown.
2025-07-02 18:38:13 - uvicorn.error - INFO - Application shutdown complete.
2025-07-02 18:38:13 - uvicorn.error - INFO - Finished server process [11982]
2025-07-02 18:38:14 - watchfiles.main - DEBUG - 1 change detected: {(<Change.modified: 2>, '/Users/llf/project/stockViz/backendFastapi/app/logs/app_20250702.log')}
2025-07-02 18:38:14 - uvicorn.error - INFO - Started server process [16600]
2025-07-02 18:38:14 - uvicorn.error - INFO - Waiting for application startup.
2025-07-02 18:38:14 - uvicorn.error - INFO - Application startup complete.
2025-07-02 18:38:15 - watchfiles.main - DEBUG - 3 changes detected: {(<Change.added: 1>, '/Users/llf/project/stockViz/backendFastapi/app/models/__pycache__/fundamental_model.cpython-312.pyc'), (<Change.deleted: 3>, '/Users/llf/project/stockViz/backendFastapi/app/models/__pycache__/fundamental_model.cpython-312.pyc.4870949024'), (<Change.added: 1>, '/Users/llf/project/stockViz/backendFastapi/app/models/__pycache__/fundamental_model.cpython-312.pyc.4870949024')}
2025-07-02 18:38:27 - watchfiles.main - DEBUG - 1 change detected: {(<Change.modified: 2>, '/Users/llf/project/stockViz/backendFastapi/app/data_procesing/metrics_data_calculator_cn.py')}
2025-07-02 18:38:27 - uvicorn.error - WARNING - WatchFiles detected changes in 'data_procesing/metrics_data_calculator_cn.py'. Reloading...
2025-07-02 18:38:27 - uvicorn.error - INFO - Shutting down
2025-07-02 18:38:27 - uvicorn.error - INFO - Waiting for application shutdown.
2025-07-02 18:38:27 - uvicorn.error - INFO - Application shutdown complete.
2025-07-02 18:38:27 - uvicorn.error - INFO - Finished server process [16600]
2025-07-02 18:38:28 - watchfiles.main - DEBUG - 1 change detected: {(<Change.modified: 2>, '/Users/llf/project/stockViz/backendFastapi/app/logs/app_20250702.log')}
2025-07-02 18:38:28 - uvicorn.error - INFO - Started server process [16782]
2025-07-02 18:38:28 - uvicorn.error - INFO - Waiting for application startup.
2025-07-02 18:38:28 - uvicorn.error - INFO - Application startup complete.
2025-07-02 18:38:28 - watchfiles.main - DEBUG - 3 changes detected: {(<Change.added: 1>, '/Users/llf/project/stockViz/backendFastapi/app/data_procesing/__pycache__/metrics_data_calculator_cn.cpython-312.pyc'), (<Change.deleted: 3>, '/Users/llf/project/stockViz/backendFastapi/app/data_procesing/__pycache__/metrics_data_calculator_cn.cpython-312.pyc.5080733680'), (<Change.added: 1>, '/Users/llf/project/stockViz/backendFastapi/app/data_procesing/__pycache__/metrics_data_calculator_cn.cpython-312.pyc.5080733680')}
2025-07-02 18:38:31 - root - INFO - xtl filepath: /Users/llf/project/stockViz/backendFastapi/app/data_pool/603989_main_report.csv
2025-07-02 18:38:33 - root - INFO - xtl filepath: /Users/llf/project/stockViz/backendFastapi/app/data_pool/603989_main_report.csv
2025-07-02 18:38:47 - watchfiles.main - DEBUG - 1 change detected: {(<Change.modified: 2>, '/Users/llf/project/stockViz/backendFastapi/app/models/fundamental_model.py')}
2025-07-02 18:38:47 - uvicorn.error - WARNING - WatchFiles detected changes in 'models/fundamental_model.py'. Reloading...
2025-07-02 18:38:47 - uvicorn.error - INFO - Shutting down
2025-07-02 18:38:47 - uvicorn.error - INFO - Waiting for application shutdown.
2025-07-02 18:38:47 - uvicorn.error - INFO - Application shutdown complete.
2025-07-02 18:38:47 - uvicorn.error - INFO - Finished server process [16782]
2025-07-02 18:38:47 - watchfiles.main - DEBUG - 1 change detected: {(<Change.modified: 2>, '/Users/llf/project/stockViz/backendFastapi/app/logs/app_20250702.log')}
2025-07-02 18:38:48 - uvicorn.error - INFO - Started server process [17083]
2025-07-02 18:38:48 - uvicorn.error - INFO - Waiting for application startup.
2025-07-02 18:38:48 - uvicorn.error - INFO - Application startup complete.
2025-07-02 18:38:48 - watchfiles.main - DEBUG - 3 changes detected: {(<Change.added: 1>, '/Users/llf/project/stockViz/backendFastapi/app/models/__pycache__/fundamental_model.cpython-312.pyc'), (<Change.deleted: 3>, '/Users/llf/project/stockViz/backendFastapi/app/models/__pycache__/fundamental_model.cpython-312.pyc.5353261216'), (<Change.added: 1>, '/Users/llf/project/stockViz/backendFastapi/app/models/__pycache__/fundamental_model.cpython-312.pyc.5353261216')}
2025-07-02 18:38:48 - root - INFO - xtl filepath: /Users/llf/project/stockViz/backendFastapi/app/data_pool/603989_main_report.csv
2025-07-02 18:38:57 - watchfiles.main - DEBUG - 1 change detected: {(<Change.modified: 2>, '/Users/llf/project/stockViz/backendFastapi/app/models/fundamental_model.py')}
2025-07-02 18:38:57 - uvicorn.error - WARNING - WatchFiles detected changes in 'models/fundamental_model.py'. Reloading...
2025-07-02 18:38:58 - uvicorn.error - INFO - Shutting down
2025-07-02 18:38:58 - uvicorn.error - INFO - Waiting for application shutdown.
2025-07-02 18:38:58 - uvicorn.error - INFO - Application shutdown complete.
2025-07-02 18:38:58 - uvicorn.error - INFO - Finished server process [17083]
2025-07-02 18:38:58 - watchfiles.main - DEBUG - 1 change detected: {(<Change.modified: 2>, '/Users/llf/project/stockViz/backendFastapi/app/logs/app_20250702.log')}
2025-07-02 18:38:59 - uvicorn.error - INFO - Started server process [17254]
2025-07-02 18:38:59 - uvicorn.error - INFO - Waiting for application startup.
2025-07-02 18:38:59 - uvicorn.error - INFO - Application startup complete.
2025-07-02 18:38:59 - root - INFO - xtl filepath: /Users/llf/project/stockViz/backendFastapi/app/data_pool/603989_main_report.csv
2025-07-02 18:38:59 - watchfiles.main - DEBUG - 3 changes detected: {(<Change.added: 1>, '/Users/llf/project/stockViz/backendFastapi/app/models/__pycache__/fundamental_model.cpython-312.pyc'), (<Change.deleted: 3>, '/Users/llf/project/stockViz/backendFastapi/app/models/__pycache__/fundamental_model.cpython-312.pyc.5080631456'), (<Change.added: 1>, '/Users/llf/project/stockViz/backendFastapi/app/models/__pycache__/fundamental_model.cpython-312.pyc.5080631456')}
2025-07-02 18:39:59 - watchfiles.main - DEBUG - 1 change detected: {(<Change.modified: 2>, '/Users/llf/project/stockViz/backendFastapi/app/models/fundamental_model.py')}
2025-07-02 18:39:59 - uvicorn.error - WARNING - WatchFiles detected changes in 'models/fundamental_model.py'. Reloading...
2025-07-02 18:39:59 - uvicorn.error - INFO - Shutting down
2025-07-02 18:40:00 - uvicorn.error - INFO - Waiting for application shutdown.
2025-07-02 18:40:00 - uvicorn.error - INFO - Application shutdown complete.
2025-07-02 18:40:00 - uvicorn.error - INFO - Finished server process [17254]
2025-07-02 18:40:00 - watchfiles.main - DEBUG - 1 change detected: {(<Change.modified: 2>, '/Users/llf/project/stockViz/backendFastapi/app/logs/app_20250702.log')}
2025-07-02 18:40:01 - uvicorn.error - INFO - Started server process [18063]
2025-07-02 18:40:01 - uvicorn.error - INFO - Waiting for application startup.
2025-07-02 18:40:01 - uvicorn.error - INFO - Application startup complete.
2025-07-02 18:40:01 - watchfiles.main - DEBUG - 3 changes detected: {(<Change.added: 1>, '/Users/llf/project/stockViz/backendFastapi/app/models/__pycache__/fundamental_model.cpython-312.pyc'), (<Change.deleted: 3>, '/Users/llf/project/stockViz/backendFastapi/app/models/__pycache__/fundamental_model.cpython-312.pyc.5306075296'), (<Change.added: 1>, '/Users/llf/project/stockViz/backendFastapi/app/models/__pycache__/fundamental_model.cpython-312.pyc.5306075296')}
2025-07-02 18:40:57 - watchfiles.main - DEBUG - 1 change detected: {(<Change.modified: 2>, '/Users/llf/project/stockViz/backendFastapi/app/models/fundamental_model.py')}
2025-07-02 18:40:57 - uvicorn.error - WARNING - WatchFiles detected changes in 'models/fundamental_model.py'. Reloading...
2025-07-02 18:40:57 - uvicorn.error - INFO - Shutting down
2025-07-02 18:40:57 - uvicorn.error - INFO - Waiting for application shutdown.
2025-07-02 18:40:57 - uvicorn.error - INFO - Application shutdown complete.
2025-07-02 18:40:57 - uvicorn.error - INFO - Finished server process [18063]
2025-07-02 18:40:58 - watchfiles.main - DEBUG - 1 change detected: {(<Change.modified: 2>, '/Users/llf/project/stockViz/backendFastapi/app/logs/app_20250702.log')}
2025-07-02 18:40:58 - uvicorn.error - INFO - Started server process [18951]
2025-07-02 18:40:58 - uvicorn.error - INFO - Waiting for application startup.
2025-07-02 18:40:58 - uvicorn.error - INFO - Application startup complete.
2025-07-02 18:40:58 - watchfiles.main - DEBUG - 3 changes detected: {(<Change.deleted: 3>, '/Users/llf/project/stockViz/backendFastapi/app/models/__pycache__/fundamental_model.cpython-312.pyc.5608048800'), (<Change.added: 1>, '/Users/llf/project/stockViz/backendFastapi/app/models/__pycache__/fundamental_model.cpython-312.pyc'), (<Change.added: 1>, '/Users/llf/project/stockViz/backendFastapi/app/models/__pycache__/fundamental_model.cpython-312.pyc.5608048800')}
2025-07-02 18:41:02 - root - INFO - xtl filepath: /Users/llf/project/stockViz/backendFastapi/app/data_pool/603989_main_report.csv
2025-07-02 18:41:40 - watchfiles.main - DEBUG - 1 change detected: {(<Change.modified: 2>, '/Users/llf/project/stockViz/backendFastapi/app/data_procesing/metrics_data_calculator_cn.py')}
2025-07-02 18:41:40 - uvicorn.error - WARNING - WatchFiles detected changes in 'data_procesing/metrics_data_calculator_cn.py'. Reloading...
2025-07-02 18:41:40 - uvicorn.error - INFO - Shutting down
2025-07-02 18:41:40 - uvicorn.error - INFO - Waiting for application shutdown.
2025-07-02 18:41:40 - uvicorn.error - INFO - Application shutdown complete.
2025-07-02 18:41:40 - uvicorn.error - INFO - Finished server process [18951]
2025-07-02 18:41:40 - watchfiles.main - DEBUG - 1 change detected: {(<Change.modified: 2>, '/Users/llf/project/stockViz/backendFastapi/app/logs/app_20250702.log')}
2025-07-02 18:41:41 - uvicorn.error - INFO - Started server process [19574]
2025-07-02 18:41:41 - uvicorn.error - INFO - Waiting for application startup.
2025-07-02 18:41:41 - uvicorn.error - INFO - Application startup complete.
2025-07-02 18:41:41 - watchfiles.main - DEBUG - 3 changes detected: {(<Change.deleted: 3>, '/Users/llf/project/stockViz/backendFastapi/app/data_procesing/__pycache__/metrics_data_calculator_cn.cpython-312.pyc.5346023408'), (<Change.added: 1>, '/Users/llf/project/stockViz/backendFastapi/app/data_procesing/__pycache__/metrics_data_calculator_cn.cpython-312.pyc.5346023408'), (<Change.added: 1>, '/Users/llf/project/stockViz/backendFastapi/app/data_procesing/__pycache__/metrics_data_calculator_cn.cpython-312.pyc')}
2025-07-02 18:41:41 - root - INFO - xtl filepath: /Users/llf/project/stockViz/backendFastapi/app/data_pool/603989_main_report.csv
2025-07-02 18:41:42 - uvicorn.error - ERROR - Exception in ASGI application
Traceback (most recent call last):
  File "/Users/llf/project/stockViz/backendFastapi/.venv/lib/python3.12/site-packages/uvicorn/protocols/http/httptools_impl.py", line 409, in run_asgi
    result = await app(  # type: ignore[func-returns-value]
             ^^^^^^^^^^^^^^^^^^^^^^^^^^^^^^^^^^^^^^^^^^^^^^
  File "/Users/llf/project/stockViz/backendFastapi/.venv/lib/python3.12/site-packages/uvicorn/middleware/proxy_headers.py", line 60, in __call__
    return await self.app(scope, receive, send)
           ^^^^^^^^^^^^^^^^^^^^^^^^^^^^^^^^^^^^
  File "/Users/llf/project/stockViz/backendFastapi/.venv/lib/python3.12/site-packages/fastapi/applications.py", line 1054, in __call__
    await super().__call__(scope, receive, send)
  File "/Users/llf/project/stockViz/backendFastapi/.venv/lib/python3.12/site-packages/starlette/applications.py", line 112, in __call__
    await self.middleware_stack(scope, receive, send)
  File "/Users/llf/project/stockViz/backendFastapi/.venv/lib/python3.12/site-packages/starlette/middleware/errors.py", line 187, in __call__
    raise exc
  File "/Users/llf/project/stockViz/backendFastapi/.venv/lib/python3.12/site-packages/starlette/middleware/errors.py", line 165, in __call__
    await self.app(scope, receive, _send)
  File "/Users/llf/project/stockViz/backendFastapi/.venv/lib/python3.12/site-packages/starlette/middleware/cors.py", line 85, in __call__
    await self.app(scope, receive, send)
  File "/Users/llf/project/stockViz/backendFastapi/.venv/lib/python3.12/site-packages/starlette/middleware/exceptions.py", line 62, in __call__
    await wrap_app_handling_exceptions(self.app, conn)(scope, receive, send)
  File "/Users/llf/project/stockViz/backendFastapi/.venv/lib/python3.12/site-packages/starlette/_exception_handler.py", line 53, in wrapped_app
    raise exc
  File "/Users/llf/project/stockViz/backendFastapi/.venv/lib/python3.12/site-packages/starlette/_exception_handler.py", line 42, in wrapped_app
    await app(scope, receive, sender)
  File "/Users/llf/project/stockViz/backendFastapi/.venv/lib/python3.12/site-packages/starlette/routing.py", line 714, in __call__
    await self.middleware_stack(scope, receive, send)
  File "/Users/llf/project/stockViz/backendFastapi/.venv/lib/python3.12/site-packages/starlette/routing.py", line 734, in app
    await route.handle(scope, receive, send)
  File "/Users/llf/project/stockViz/backendFastapi/.venv/lib/python3.12/site-packages/starlette/routing.py", line 288, in handle
    await self.app(scope, receive, send)
  File "/Users/llf/project/stockViz/backendFastapi/.venv/lib/python3.12/site-packages/starlette/routing.py", line 76, in app
    await wrap_app_handling_exceptions(app, request)(scope, receive, send)
  File "/Users/llf/project/stockViz/backendFastapi/.venv/lib/python3.12/site-packages/starlette/_exception_handler.py", line 53, in wrapped_app
    raise exc
  File "/Users/llf/project/stockViz/backendFastapi/.venv/lib/python3.12/site-packages/starlette/_exception_handler.py", line 42, in wrapped_app
    await app(scope, receive, sender)
  File "/Users/llf/project/stockViz/backendFastapi/.venv/lib/python3.12/site-packages/starlette/routing.py", line 73, in app
    response = await f(request)
               ^^^^^^^^^^^^^^^^
  File "/Users/llf/project/stockViz/backendFastapi/.venv/lib/python3.12/site-packages/fastapi/routing.py", line 338, in app
    response = actual_response_class(content, **response_args)
               ^^^^^^^^^^^^^^^^^^^^^^^^^^^^^^^^^^^^^^^^^^^^^^^
  File "/Users/llf/project/stockViz/backendFastapi/.venv/lib/python3.12/site-packages/starlette/responses.py", line 182, in __init__
    super().__init__(content, status_code, headers, media_type, background)
  File "/Users/llf/project/stockViz/backendFastapi/.venv/lib/python3.12/site-packages/starlette/responses.py", line 45, in __init__
    self.body = self.render(content)
                ^^^^^^^^^^^^^^^^^^^^
  File "/Users/llf/project/stockViz/backendFastapi/.venv/lib/python3.12/site-packages/starlette/responses.py", line 185, in render
    return json.dumps(
           ^^^^^^^^^^^
  File "/Users/llf/.local/share/uv/python/cpython-3.12.8-macos-aarch64-none/lib/python3.12/json/__init__.py", line 238, in dumps
    **kw).encode(obj)
          ^^^^^^^^^^^
  File "/Users/llf/.local/share/uv/python/cpython-3.12.8-macos-aarch64-none/lib/python3.12/json/encoder.py", line 200, in encode
    chunks = self.iterencode(o, _one_shot=True)
             ^^^^^^^^^^^^^^^^^^^^^^^^^^^^^^^^^^
  File "/Users/llf/.local/share/uv/python/cpython-3.12.8-macos-aarch64-none/lib/python3.12/json/encoder.py", line 258, in iterencode
    return _iterencode(o, 0)
           ^^^^^^^^^^^^^^^^^
ValueError: Out of range float values are not JSON compliant: nan
2025-07-02 18:43:43 - watchfiles.main - DEBUG - 1 change detected: {(<Change.modified: 2>, '/Users/llf/project/stockViz/backendFastapi/app/data_procesing/metrics_data_calculator_cn.py')}
2025-07-02 18:43:43 - uvicorn.error - WARNING - WatchFiles detected changes in 'data_procesing/metrics_data_calculator_cn.py'. Reloading...
2025-07-02 18:43:43 - uvicorn.error - INFO - Shutting down
2025-07-02 18:43:43 - uvicorn.error - INFO - Waiting for application shutdown.
2025-07-02 18:43:43 - uvicorn.error - INFO - Application shutdown complete.
2025-07-02 18:43:43 - uvicorn.error - INFO - Finished server process [19574]
2025-07-02 18:43:43 - watchfiles.main - DEBUG - 1 change detected: {(<Change.modified: 2>, '/Users/llf/project/stockViz/backendFastapi/app/logs/app_20250702.log')}
2025-07-02 18:43:44 - uvicorn.error - INFO - Started server process [21269]
2025-07-02 18:43:44 - uvicorn.error - INFO - Waiting for application startup.
2025-07-02 18:43:44 - uvicorn.error - INFO - Application startup complete.
2025-07-02 18:43:44 - watchfiles.main - DEBUG - 3 changes detected: {(<Change.added: 1>, '/Users/llf/project/stockViz/backendFastapi/app/data_procesing/__pycache__/metrics_data_calculator_cn.cpython-312.pyc'), (<Change.added: 1>, '/Users/llf/project/stockViz/backendFastapi/app/data_procesing/__pycache__/metrics_data_calculator_cn.cpython-312.pyc.4816492528'), (<Change.deleted: 3>, '/Users/llf/project/stockViz/backendFastapi/app/data_procesing/__pycache__/metrics_data_calculator_cn.cpython-312.pyc.4816492528')}
2025-07-02 18:43:46 - root - INFO - xtl filepath: /Users/llf/project/stockViz/backendFastapi/app/data_pool/603989_main_report.csv
2025-07-02 18:44:27 - watchfiles.main - DEBUG - 1 change detected: {(<Change.modified: 2>, '/Users/llf/project/stockViz/backendFastapi/app/data_procesing/metrics_data_calculator_cn.py')}
2025-07-02 18:44:27 - uvicorn.error - WARNING - WatchFiles detected changes in 'data_procesing/metrics_data_calculator_cn.py'. Reloading...
2025-07-02 18:44:27 - uvicorn.error - INFO - Shutting down
2025-07-02 18:44:27 - uvicorn.error - INFO - Waiting for application shutdown.
2025-07-02 18:44:27 - uvicorn.error - INFO - Application shutdown complete.
2025-07-02 18:44:27 - uvicorn.error - INFO - Finished server process [21269]
2025-07-02 18:44:28 - watchfiles.main - DEBUG - 1 change detected: {(<Change.modified: 2>, '/Users/llf/project/stockViz/backendFastapi/app/logs/app_20250702.log')}
2025-07-02 18:44:28 - uvicorn.error - INFO - Started server process [21881]
2025-07-02 18:44:28 - uvicorn.error - INFO - Waiting for application startup.
2025-07-02 18:44:28 - uvicorn.error - INFO - Application startup complete.
2025-07-02 18:44:28 - watchfiles.main - DEBUG - 3 changes detected: {(<Change.added: 1>, '/Users/llf/project/stockViz/backendFastapi/app/data_procesing/__pycache__/metrics_data_calculator_cn.cpython-312.pyc'), (<Change.deleted: 3>, '/Users/llf/project/stockViz/backendFastapi/app/data_procesing/__pycache__/metrics_data_calculator_cn.cpython-312.pyc.4933933040'), (<Change.added: 1>, '/Users/llf/project/stockViz/backendFastapi/app/data_procesing/__pycache__/metrics_data_calculator_cn.cpython-312.pyc.4933933040')}
2025-07-02 18:44:41 - watchfiles.main - DEBUG - 1 change detected: {(<Change.modified: 2>, '/Users/llf/project/stockViz/backendFastapi/app/data_procesing/metrics_data_calculator_cn.py')}
2025-07-02 18:44:41 - uvicorn.error - WARNING - WatchFiles detected changes in 'data_procesing/metrics_data_calculator_cn.py'. Reloading...
2025-07-02 18:44:41 - uvicorn.error - INFO - Shutting down
2025-07-02 18:44:41 - uvicorn.error - INFO - Waiting for application shutdown.
2025-07-02 18:44:41 - uvicorn.error - INFO - Application shutdown complete.
2025-07-02 18:44:41 - uvicorn.error - INFO - Finished server process [21881]
2025-07-02 18:44:41 - watchfiles.main - DEBUG - 1 change detected: {(<Change.modified: 2>, '/Users/llf/project/stockViz/backendFastapi/app/logs/app_20250702.log')}
2025-07-02 18:44:42 - uvicorn.error - INFO - Started server process [22164]
2025-07-02 18:44:42 - uvicorn.error - INFO - Waiting for application startup.
2025-07-02 18:44:42 - uvicorn.error - INFO - Application startup complete.
2025-07-02 18:44:42 - watchfiles.main - DEBUG - 3 changes detected: {(<Change.added: 1>, '/Users/llf/project/stockViz/backendFastapi/app/data_procesing/__pycache__/metrics_data_calculator_cn.cpython-312.pyc'), (<Change.deleted: 3>, '/Users/llf/project/stockViz/backendFastapi/app/data_procesing/__pycache__/metrics_data_calculator_cn.cpython-312.pyc.4946515952'), (<Change.added: 1>, '/Users/llf/project/stockViz/backendFastapi/app/data_procesing/__pycache__/metrics_data_calculator_cn.cpython-312.pyc.4946515952')}
2025-07-02 18:45:13 - uvicorn.error - INFO - Shutting down
2025-07-02 18:45:13 - uvicorn.error - INFO - Waiting for application shutdown.
2025-07-02 18:45:13 - uvicorn.error - INFO - Application shutdown complete.
2025-07-02 18:45:13 - uvicorn.error - INFO - Finished server process [22164]
2025-07-02 18:45:13 - uvicorn.error - INFO - Stopping reloader process [11517]
