2025-06-17 12:27:40 - uvicorn.error - INFO - Started server process [35045]
2025-06-17 12:27:40 - uvicorn.error - INFO - Waiting for application startup.
2025-06-17 12:27:40 - uvicorn.error - INFO - Application startup complete.
2025-06-17 12:31:00 - uvicorn.error - INFO - Shutting down
2025-06-17 12:31:00 - uvicorn.error - INFO - Waiting for application shutdown.
2025-06-17 12:31:00 - uvicorn.error - INFO - Application shutdown complete.
2025-06-17 12:31:00 - uvicorn.error - INFO - Finished server process [35045]
2025-06-17 12:31:01 - uvicorn.error - INFO - Started server process [37964]
2025-06-17 12:31:01 - uvicorn.error - INFO - Waiting for application startup.
2025-06-17 12:31:01 - uvicorn.error - INFO - Application startup complete.
2025-06-17 12:32:42 - uvicorn.error - INFO - Shutting down
2025-06-17 12:32:43 - uvicorn.error - INFO - Waiting for application shutdown.
2025-06-17 12:32:43 - uvicorn.error - INFO - Application shutdown complete.
2025-06-17 12:32:43 - uvicorn.error - INFO - Finished server process [37964]
2025-06-17 12:32:44 - uvicorn.error - INFO - Started server process [39326]
2025-06-17 12:32:44 - uvicorn.error - INFO - Waiting for application startup.
2025-06-17 12:32:44 - uvicorn.error - INFO - Application startup complete.
2025-06-17 13:04:39 - uvicorn.error - INFO - Shutting down
2025-06-17 13:04:39 - uvicorn.error - INFO - Waiting for application shutdown.
2025-06-17 13:04:39 - uvicorn.error - INFO - Application shutdown complete.
2025-06-17 13:04:39 - uvicorn.error - INFO - Finished server process [39326]
2025-06-17 13:04:40 - uvicorn.error - INFO - Started server process [41565]
2025-06-17 13:04:40 - uvicorn.error - INFO - Waiting for application startup.
2025-06-17 13:04:40 - uvicorn.error - INFO - Application startup complete.
2025-06-17 13:05:29 - uvicorn.error - INFO - Shutting down
2025-06-17 13:05:29 - uvicorn.error - INFO - Waiting for application shutdown.
2025-06-17 13:05:29 - uvicorn.error - INFO - Application shutdown complete.
2025-06-17 13:05:29 - uvicorn.error - INFO - Finished server process [41565]
2025-06-17 13:05:30 - uvicorn.error - INFO - Started server process [42311]
2025-06-17 13:05:30 - uvicorn.error - INFO - Waiting for application startup.
2025-06-17 13:05:30 - uvicorn.error - INFO - Application startup complete.
2025-06-17 13:06:08 - uvicorn.error - ERROR - Exception in ASGI application
Traceback (most recent call last):
  File "/Users/llf/project/stockViz/backendFastapi/.venv/lib/python3.12/site-packages/uvicorn/protocols/http/httptools_impl.py", line 409, in run_asgi
    result = await app(  # type: ignore[func-returns-value]
             ^^^^^^^^^^^^^^^^^^^^^^^^^^^^^^^^^^^^^^^^^^^^^^
  File "/Users/llf/project/stockViz/backendFastapi/.venv/lib/python3.12/site-packages/uvicorn/middleware/proxy_headers.py", line 60, in __call__
    return await self.app(scope, receive, send)
           ^^^^^^^^^^^^^^^^^^^^^^^^^^^^^^^^^^^^
  File "/Users/llf/project/stockViz/backendFastapi/.venv/lib/python3.12/site-packages/fastapi/applications.py", line 1054, in __call__
    await super().__call__(scope, receive, send)
  File "/Users/llf/project/stockViz/backendFastapi/.venv/lib/python3.12/site-packages/starlette/applications.py", line 112, in __call__
    await self.middleware_stack(scope, receive, send)
  File "/Users/llf/project/stockViz/backendFastapi/.venv/lib/python3.12/site-packages/starlette/middleware/errors.py", line 187, in __call__
    raise exc
  File "/Users/llf/project/stockViz/backendFastapi/.venv/lib/python3.12/site-packages/starlette/middleware/errors.py", line 165, in __call__
    await self.app(scope, receive, _send)
  File "/Users/llf/project/stockViz/backendFastapi/.venv/lib/python3.12/site-packages/starlette/middleware/cors.py", line 85, in __call__
    await self.app(scope, receive, send)
  File "/Users/llf/project/stockViz/backendFastapi/.venv/lib/python3.12/site-packages/starlette/middleware/exceptions.py", line 62, in __call__
    await wrap_app_handling_exceptions(self.app, conn)(scope, receive, send)
  File "/Users/llf/project/stockViz/backendFastapi/.venv/lib/python3.12/site-packages/starlette/_exception_handler.py", line 53, in wrapped_app
    raise exc
  File "/Users/llf/project/stockViz/backendFastapi/.venv/lib/python3.12/site-packages/starlette/_exception_handler.py", line 42, in wrapped_app
    await app(scope, receive, sender)
  File "/Users/llf/project/stockViz/backendFastapi/.venv/lib/python3.12/site-packages/starlette/routing.py", line 714, in __call__
    await self.middleware_stack(scope, receive, send)
  File "/Users/llf/project/stockViz/backendFastapi/.venv/lib/python3.12/site-packages/starlette/routing.py", line 734, in app
    await route.handle(scope, receive, send)
  File "/Users/llf/project/stockViz/backendFastapi/.venv/lib/python3.12/site-packages/starlette/routing.py", line 288, in handle
    await self.app(scope, receive, send)
  File "/Users/llf/project/stockViz/backendFastapi/.venv/lib/python3.12/site-packages/starlette/routing.py", line 76, in app
    await wrap_app_handling_exceptions(app, request)(scope, receive, send)
  File "/Users/llf/project/stockViz/backendFastapi/.venv/lib/python3.12/site-packages/starlette/_exception_handler.py", line 53, in wrapped_app
    raise exc
  File "/Users/llf/project/stockViz/backendFastapi/.venv/lib/python3.12/site-packages/starlette/_exception_handler.py", line 42, in wrapped_app
    await app(scope, receive, sender)
  File "/Users/llf/project/stockViz/backendFastapi/.venv/lib/python3.12/site-packages/starlette/routing.py", line 73, in app
    response = await f(request)
               ^^^^^^^^^^^^^^^^
  File "/Users/llf/project/stockViz/backendFastapi/.venv/lib/python3.12/site-packages/fastapi/routing.py", line 301, in app
    raw_response = await run_endpoint_function(
                   ^^^^^^^^^^^^^^^^^^^^^^^^^^^^
  File "/Users/llf/project/stockViz/backendFastapi/.venv/lib/python3.12/site-packages/fastapi/routing.py", line 214, in run_endpoint_function
    return await run_in_threadpool(dependant.call, **values)
           ^^^^^^^^^^^^^^^^^^^^^^^^^^^^^^^^^^^^^^^^^^^^^^^^^
  File "/Users/llf/project/stockViz/backendFastapi/.venv/lib/python3.12/site-packages/starlette/concurrency.py", line 37, in run_in_threadpool
    return await anyio.to_thread.run_sync(func)
           ^^^^^^^^^^^^^^^^^^^^^^^^^^^^^^^^^^^^
  File "/Users/llf/project/stockViz/backendFastapi/.venv/lib/python3.12/site-packages/anyio/to_thread.py", line 56, in run_sync
    return await get_async_backend().run_sync_in_worker_thread(
           ^^^^^^^^^^^^^^^^^^^^^^^^^^^^^^^^^^^^^^^^^^^^^^^^^^^^
  File "/Users/llf/project/stockViz/backendFastapi/.venv/lib/python3.12/site-packages/anyio/_backends/_asyncio.py", line 2470, in run_sync_in_worker_thread
    return await future
           ^^^^^^^^^^^^
  File "/Users/llf/project/stockViz/backendFastapi/.venv/lib/python3.12/site-packages/anyio/_backends/_asyncio.py", line 967, in run
    result = context.run(func, *args)
             ^^^^^^^^^^^^^^^^^^^^^^^^
  File "/Users/llf/project/stockViz/backendFastapi/app/main.py", line 36, in read_fundamental_ratio
    fa = Fundamental(ticker)
         ^^^^^^^^^^^
NameError: name 'Fundamental' is not defined
2025-06-17 13:06:45 - uvicorn.error - INFO - Shutting down
2025-06-17 13:06:45 - uvicorn.error - INFO - Waiting for application shutdown.
2025-06-17 13:06:45 - uvicorn.error - INFO - Application shutdown complete.
2025-06-17 13:06:45 - uvicorn.error - INFO - Finished server process [42311]
2025-06-17 13:06:46 - uvicorn.error - INFO - Started server process [43368]
2025-06-17 13:06:46 - uvicorn.error - INFO - Waiting for application startup.
2025-06-17 13:06:46 - uvicorn.error - INFO - Application startup complete.
2025-06-17 13:07:02 - uvicorn.error - INFO - Shutting down
2025-06-17 13:07:03 - uvicorn.error - INFO - Waiting for application shutdown.
2025-06-17 13:07:03 - uvicorn.error - INFO - Application shutdown complete.
2025-06-17 13:07:03 - uvicorn.error - INFO - Finished server process [43368]
2025-06-17 13:07:04 - uvicorn.error - INFO - Started server process [43657]
2025-06-17 13:07:04 - uvicorn.error - INFO - Waiting for application startup.
2025-06-17 13:07:04 - uvicorn.error - INFO - Application startup complete.
2025-06-17 13:11:39 - uvicorn.error - INFO - Shutting down
2025-06-17 13:11:39 - uvicorn.error - INFO - Waiting for application shutdown.
2025-06-17 13:11:39 - uvicorn.error - INFO - Application shutdown complete.
2025-06-17 13:11:39 - uvicorn.error - INFO - Finished server process [43657]
2025-06-17 13:11:54 - uvicorn.error - INFO - Started server process [47738]
2025-06-17 13:11:54 - uvicorn.error - INFO - Waiting for application startup.
2025-06-17 13:11:54 - uvicorn.error - INFO - Application startup complete.
2025-06-17 13:17:47 - uvicorn.error - INFO - Shutting down
2025-06-17 13:17:47 - uvicorn.error - INFO - Waiting for application shutdown.
2025-06-17 13:17:47 - uvicorn.error - INFO - Application shutdown complete.
2025-06-17 13:17:47 - uvicorn.error - INFO - Finished server process [47738]
2025-06-17 13:17:48 - uvicorn.error - INFO - Started server process [52747]
2025-06-17 13:17:48 - uvicorn.error - INFO - Waiting for application startup.
2025-06-17 13:17:48 - uvicorn.error - INFO - Application startup complete.
2025-06-17 13:18:01 - uvicorn.error - INFO - Shutting down
2025-06-17 13:18:01 - uvicorn.error - INFO - Waiting for application shutdown.
2025-06-17 13:18:01 - uvicorn.error - INFO - Application shutdown complete.
2025-06-17 13:18:01 - uvicorn.error - INFO - Finished server process [52747]
2025-06-17 13:18:02 - uvicorn.error - INFO - Started server process [52929]
2025-06-17 13:18:02 - uvicorn.error - INFO - Waiting for application startup.
2025-06-17 13:18:02 - uvicorn.error - INFO - Application startup complete.
2025-06-17 13:19:54 - uvicorn.error - INFO - Shutting down
2025-06-17 13:19:54 - uvicorn.error - INFO - Waiting for application shutdown.
2025-06-17 13:19:54 - uvicorn.error - INFO - Application shutdown complete.
2025-06-17 13:19:54 - uvicorn.error - INFO - Finished server process [52929]
2025-06-17 13:19:55 - uvicorn.error - INFO - Started server process [54554]
2025-06-17 13:19:55 - uvicorn.error - INFO - Waiting for application startup.
2025-06-17 13:19:55 - uvicorn.error - INFO - Application startup complete.
2025-06-17 13:19:57 - uvicorn.error - INFO - Shutting down
2025-06-17 13:19:57 - uvicorn.error - INFO - Waiting for application shutdown.
2025-06-17 13:19:57 - uvicorn.error - INFO - Application shutdown complete.
2025-06-17 13:19:57 - uvicorn.error - INFO - Finished server process [54554]
2025-06-17 13:19:58 - uvicorn.error - INFO - Started server process [54572]
2025-06-17 13:19:58 - uvicorn.error - INFO - Waiting for application startup.
2025-06-17 13:19:58 - uvicorn.error - INFO - Application startup complete.
2025-06-17 13:20:20 - uvicorn.error - INFO - Shutting down
2025-06-17 13:20:20 - uvicorn.error - INFO - Waiting for application shutdown.
2025-06-17 13:20:20 - uvicorn.error - INFO - Application shutdown complete.
2025-06-17 13:20:20 - uvicorn.error - INFO - Finished server process [54572]
2025-06-17 13:20:21 - uvicorn.error - INFO - Started server process [54887]
2025-06-17 13:20:21 - uvicorn.error - INFO - Waiting for application startup.
2025-06-17 13:20:21 - uvicorn.error - INFO - Application startup complete.
2025-06-17 13:23:54 - uvicorn.error - INFO - Shutting down
2025-06-17 13:23:54 - uvicorn.error - INFO - Waiting for application shutdown.
2025-06-17 13:23:54 - uvicorn.error - INFO - Application shutdown complete.
2025-06-17 13:23:54 - uvicorn.error - INFO - Finished server process [54887]
2025-06-17 13:23:55 - uvicorn.error - INFO - Started server process [58001]
2025-06-17 13:23:55 - uvicorn.error - INFO - Waiting for application startup.
2025-06-17 13:23:55 - uvicorn.error - INFO - Application startup complete.
2025-06-17 13:24:29 - uvicorn.error - INFO - Shutting down
2025-06-17 13:24:29 - uvicorn.error - INFO - Waiting for application shutdown.
2025-06-17 13:24:29 - uvicorn.error - INFO - Application shutdown complete.
2025-06-17 13:24:29 - uvicorn.error - INFO - Finished server process [58001]
2025-06-17 13:24:30 - uvicorn.error - INFO - Started server process [58474]
2025-06-17 13:24:30 - uvicorn.error - INFO - Waiting for application startup.
2025-06-17 13:24:30 - uvicorn.error - INFO - Application startup complete.
2025-06-17 13:25:45 - uvicorn.error - INFO - Shutting down
2025-06-17 13:25:45 - uvicorn.error - INFO - Waiting for application shutdown.
2025-06-17 13:25:45 - uvicorn.error - INFO - Application shutdown complete.
2025-06-17 13:25:45 - uvicorn.error - INFO - Finished server process [58474]
2025-06-17 13:25:46 - uvicorn.error - INFO - Started server process [59535]
2025-06-17 13:25:46 - uvicorn.error - INFO - Waiting for application startup.
2025-06-17 13:25:46 - uvicorn.error - INFO - Application startup complete.
2025-06-17 13:27:05 - uvicorn.error - INFO - Shutting down
2025-06-17 13:27:05 - uvicorn.error - INFO - Waiting for application shutdown.
2025-06-17 13:27:05 - uvicorn.error - INFO - Application shutdown complete.
2025-06-17 13:27:05 - uvicorn.error - INFO - Finished server process [59535]
2025-06-17 13:27:06 - uvicorn.error - INFO - Started server process [60706]
2025-06-17 13:27:06 - uvicorn.error - INFO - Waiting for application startup.
2025-06-17 13:27:06 - uvicorn.error - INFO - Application startup complete.
2025-06-17 13:28:46 - uvicorn.error - INFO - Shutting down
2025-06-17 13:28:46 - uvicorn.error - INFO - Waiting for application shutdown.
2025-06-17 13:28:46 - uvicorn.error - INFO - Application shutdown complete.
2025-06-17 13:28:46 - uvicorn.error - INFO - Finished server process [60706]
2025-06-17 13:28:47 - uvicorn.error - INFO - Started server process [62082]
2025-06-17 13:28:47 - uvicorn.error - INFO - Waiting for application startup.
2025-06-17 13:28:47 - uvicorn.error - INFO - Application startup complete.
2025-06-17 13:29:32 - uvicorn.error - INFO - Shutting down
2025-06-17 13:29:33 - uvicorn.error - INFO - Waiting for application shutdown.
2025-06-17 13:29:33 - uvicorn.error - INFO - Application shutdown complete.
2025-06-17 13:29:33 - uvicorn.error - INFO - Finished server process [62082]
2025-06-17 13:29:34 - uvicorn.error - INFO - Started server process [62806]
2025-06-17 13:29:34 - uvicorn.error - INFO - Waiting for application startup.
2025-06-17 13:29:34 - uvicorn.error - INFO - Application startup complete.
2025-06-17 13:30:35 - uvicorn.error - INFO - Shutting down
2025-06-17 13:30:36 - uvicorn.error - INFO - Waiting for application shutdown.
2025-06-17 13:30:36 - uvicorn.error - INFO - Application shutdown complete.
2025-06-17 13:30:36 - uvicorn.error - INFO - Finished server process [62806]
2025-06-17 13:30:37 - uvicorn.error - INFO - Started server process [63706]
2025-06-17 13:30:37 - uvicorn.error - INFO - Waiting for application startup.
2025-06-17 13:30:37 - uvicorn.error - INFO - Application startup complete.
2025-06-17 13:30:50 - uvicorn.error - INFO - Shutting down
2025-06-17 13:30:50 - uvicorn.error - INFO - Waiting for application shutdown.
2025-06-17 13:30:50 - uvicorn.error - INFO - Application shutdown complete.
2025-06-17 13:30:50 - uvicorn.error - INFO - Finished server process [63706]
2025-06-17 13:30:51 - uvicorn.error - INFO - Started server process [63882]
2025-06-17 13:30:51 - uvicorn.error - INFO - Waiting for application startup.
2025-06-17 13:30:51 - uvicorn.error - INFO - Application startup complete.
2025-06-17 13:31:03 - uvicorn.error - INFO - Shutting down
2025-06-17 13:31:03 - uvicorn.error - INFO - Waiting for application shutdown.
2025-06-17 13:31:03 - uvicorn.error - INFO - Application shutdown complete.
2025-06-17 13:31:03 - uvicorn.error - INFO - Finished server process [63882]
2025-06-17 13:31:04 - uvicorn.error - INFO - Started server process [64048]
2025-06-17 13:31:04 - uvicorn.error - INFO - Waiting for application startup.
2025-06-17 13:31:04 - uvicorn.error - INFO - Application startup complete.
2025-06-17 13:31:21 - uvicorn.error - INFO - Shutting down
2025-06-17 13:31:21 - uvicorn.error - INFO - Waiting for application shutdown.
2025-06-17 13:31:21 - uvicorn.error - INFO - Application shutdown complete.
2025-06-17 13:31:21 - uvicorn.error - INFO - Finished server process [64048]
2025-06-17 13:31:22 - uvicorn.error - INFO - Started server process [64341]
2025-06-17 13:31:22 - uvicorn.error - INFO - Waiting for application startup.
2025-06-17 13:31:22 - uvicorn.error - INFO - Application startup complete.
2025-06-17 13:31:23 - root - ERROR - Error fetching data for GNFT.PA: name '_get_balance_sheet' is not defined
2025-06-17 13:33:23 - uvicorn.error - INFO - Shutting down
2025-06-17 13:33:23 - uvicorn.error - INFO - Waiting for application shutdown.
2025-06-17 13:33:23 - uvicorn.error - INFO - Application shutdown complete.
2025-06-17 13:33:23 - uvicorn.error - INFO - Finished server process [64341]
2025-06-17 13:33:24 - uvicorn.error - INFO - Started server process [66119]
2025-06-17 13:33:24 - uvicorn.error - INFO - Waiting for application startup.
2025-06-17 13:33:24 - uvicorn.error - INFO - Application startup complete.
2025-06-17 13:34:17 - uvicorn.error - INFO - Shutting down
2025-06-17 13:34:17 - uvicorn.error - INFO - Waiting for application shutdown.
2025-06-17 13:34:17 - uvicorn.error - INFO - Application shutdown complete.
2025-06-17 13:34:17 - uvicorn.error - INFO - Finished server process [66119]
2025-06-17 13:34:36 - uvicorn.error - INFO - Started server process [67069]
2025-06-17 13:34:36 - uvicorn.error - INFO - Waiting for application startup.
2025-06-17 13:34:36 - uvicorn.error - INFO - Application startup complete.
2025-06-17 13:34:41 - root - INFO - get_balance_sheet
2025-06-17 13:34:41 - yfinance - DEBUG - Entering _fetch_time_series()
2025-06-17 13:34:41 - yfinance - DEBUG -  Entering get()
2025-06-17 13:34:41 - yfinance - DEBUG -   Entering _make_request()
2025-06-17 13:34:41 - yfinance - DEBUG - url=https://query2.finance.yahoo.com/ws/fundamentals-timeseries/v1/finance/timeseries/GNFT.PA?symbol=GNFT.PA&type=annualTreasurySharesNumber,annualPreferredSharesNumber,annualOrdinarySharesNumber,annualSh...
2025-06-17 13:34:41 - yfinance - DEBUG - params=None
2025-06-17 13:34:41 - yfinance - DEBUG -    Entering _get_cookie_and_crumb()
2025-06-17 13:34:41 - yfinance - DEBUG - cookie_mode = 'basic'
2025-06-17 13:34:41 - yfinance - DEBUG -     Entering _get_cookie_and_crumb_basic()
2025-06-17 13:34:41 - yfinance - DEBUG -      Entering _get_cookie_basic()
2025-06-17 13:34:41 - yfinance - DEBUG -       Entering _load_cookie_curlCffi()
2025-06-17 13:34:41 - peewee - DEBUG - ('CREATE TABLE IF NOT EXISTS "_cookieschema" ("strategy" VARCHAR(255) NOT NULL PRIMARY KEY, "fetch_date" DATETIME NOT NULL, "cookie_bytes" BLOB NOT NULL) WITHOUT ROWID', [])
2025-06-17 13:34:41 - peewee - DEBUG - ('SELECT "t1"."strategy", "t1"."fetch_date", "t1"."cookie_bytes" FROM "_cookieschema" AS "t1" WHERE ("t1"."strategy" = ?) LIMIT ? OFFSET ?', ['curlCffi', 1, 0])
2025-06-17 13:34:41 - yfinance - DEBUG -       Exiting _load_cookie_curlCffi()
2025-06-17 13:34:41 - yfinance - DEBUG - reusing persistent cookie
2025-06-17 13:34:41 - yfinance - DEBUG -      Exiting _get_cookie_basic()
2025-06-17 13:34:41 - yfinance - DEBUG -      Entering _get_crumb_basic()
2025-06-17 13:34:41 - yfinance - DEBUG -       Entering _get_cookie_basic()
2025-06-17 13:34:41 - yfinance - DEBUG - reusing cookie
2025-06-17 13:34:41 - yfinance - DEBUG -       Exiting _get_cookie_basic()
2025-06-17 13:34:41 - yfinance - DEBUG - crumb = 'SxSQVsAqoTG'
2025-06-17 13:34:41 - yfinance - DEBUG -      Exiting _get_crumb_basic()
2025-06-17 13:34:41 - yfinance - DEBUG -     Exiting _get_cookie_and_crumb_basic()
2025-06-17 13:34:41 - yfinance - DEBUG -    Exiting _get_cookie_and_crumb()
2025-06-17 13:34:42 - yfinance - DEBUG - response code=200
2025-06-17 13:34:42 - yfinance - DEBUG -   Exiting _make_request()
2025-06-17 13:34:42 - yfinance - DEBUG -  Exiting get()
2025-06-17 13:34:42 - yfinance - DEBUG - Exiting _fetch_time_series()
2025-06-17 13:34:42 - root - INFO - get_cash_flow
2025-06-17 13:34:42 - yfinance - DEBUG - Entering _fetch_time_series()
2025-06-17 13:34:42 - yfinance - DEBUG -  Entering get()
2025-06-17 13:34:42 - yfinance - DEBUG -   Entering _make_request()
2025-06-17 13:34:42 - yfinance - DEBUG - url=https://query2.finance.yahoo.com/ws/fundamentals-timeseries/v1/finance/timeseries/GNFT.PA?symbol=GNFT.PA&type=annualForeignSales,annualDomesticSales,annualAdjustedGeographySegmentData,annualFreeCashFl...
2025-06-17 13:34:42 - yfinance - DEBUG - params=None
2025-06-17 13:34:42 - yfinance - DEBUG -    Entering _get_cookie_and_crumb()
2025-06-17 13:34:42 - yfinance - DEBUG - cookie_mode = 'basic'
2025-06-17 13:34:42 - yfinance - DEBUG -     Entering _get_cookie_and_crumb_basic()
2025-06-17 13:34:42 - yfinance - DEBUG -      Entering _get_cookie_basic()
2025-06-17 13:34:42 - yfinance - DEBUG - reusing cookie
2025-06-17 13:34:42 - yfinance - DEBUG -      Exiting _get_cookie_basic()
2025-06-17 13:34:42 - yfinance - DEBUG -      Entering _get_crumb_basic()
2025-06-17 13:34:42 - yfinance - DEBUG - reusing crumb
2025-06-17 13:34:42 - yfinance - DEBUG -      Exiting _get_crumb_basic()
2025-06-17 13:34:42 - yfinance - DEBUG -     Exiting _get_cookie_and_crumb_basic()
2025-06-17 13:34:42 - yfinance - DEBUG -    Exiting _get_cookie_and_crumb()
2025-06-17 13:34:42 - yfinance - DEBUG - response code=200
2025-06-17 13:34:42 - yfinance - DEBUG -   Exiting _make_request()
2025-06-17 13:34:42 - yfinance - DEBUG -  Exiting get()
2025-06-17 13:34:42 - yfinance - DEBUG - Exiting _fetch_time_series()
2025-06-17 13:36:48 - uvicorn.error - INFO - Shutting down
2025-06-17 13:36:49 - uvicorn.error - INFO - Waiting for application shutdown.
2025-06-17 13:36:49 - uvicorn.error - INFO - Application shutdown complete.
2025-06-17 13:36:49 - uvicorn.error - INFO - Finished server process [67069]
2025-06-17 13:38:44 - uvicorn.error - INFO - Started server process [70658]
2025-06-17 13:38:44 - uvicorn.error - INFO - Waiting for application startup.
2025-06-17 13:38:44 - uvicorn.error - INFO - Application startup complete.
2025-06-17 13:38:50 - root - INFO - get_balance_sheet
2025-06-17 13:38:50 - yfinance - DEBUG - Entering _fetch_time_series()
2025-06-17 13:38:50 - yfinance - DEBUG -  Entering get()
2025-06-17 13:38:50 - yfinance - DEBUG -   Entering _make_request()
2025-06-17 13:38:50 - yfinance - DEBUG - url=https://query2.finance.yahoo.com/ws/fundamentals-timeseries/v1/finance/timeseries/GNFT.PA?symbol=GNFT.PA&type=annualTreasurySharesNumber,annualPreferredSharesNumber,annualOrdinarySharesNumber,annualSh...
2025-06-17 13:38:50 - yfinance - DEBUG - params=None
2025-06-17 13:38:50 - yfinance - DEBUG -    Entering _get_cookie_and_crumb()
2025-06-17 13:38:50 - yfinance - DEBUG - cookie_mode = 'basic'
2025-06-17 13:38:50 - yfinance - DEBUG -     Entering _get_cookie_and_crumb_basic()
2025-06-17 13:38:50 - yfinance - DEBUG -      Entering _get_cookie_basic()
2025-06-17 13:38:50 - yfinance - DEBUG -       Entering _load_cookie_curlCffi()
2025-06-17 13:38:50 - peewee - DEBUG - ('CREATE TABLE IF NOT EXISTS "_cookieschema" ("strategy" VARCHAR(255) NOT NULL PRIMARY KEY, "fetch_date" DATETIME NOT NULL, "cookie_bytes" BLOB NOT NULL) WITHOUT ROWID', [])
2025-06-17 13:38:50 - peewee - DEBUG - ('SELECT "t1"."strategy", "t1"."fetch_date", "t1"."cookie_bytes" FROM "_cookieschema" AS "t1" WHERE ("t1"."strategy" = ?) LIMIT ? OFFSET ?', ['curlCffi', 1, 0])
2025-06-17 13:38:50 - yfinance - DEBUG -       Exiting _load_cookie_curlCffi()
2025-06-17 13:38:50 - yfinance - DEBUG - reusing persistent cookie
2025-06-17 13:38:50 - yfinance - DEBUG -      Exiting _get_cookie_basic()
2025-06-17 13:38:50 - yfinance - DEBUG -      Entering _get_crumb_basic()
2025-06-17 13:38:50 - yfinance - DEBUG -       Entering _get_cookie_basic()
2025-06-17 13:38:50 - yfinance - DEBUG - reusing cookie
2025-06-17 13:38:50 - yfinance - DEBUG -       Exiting _get_cookie_basic()
2025-06-17 13:38:50 - yfinance - DEBUG - crumb = 'SxSQVsAqoTG'
2025-06-17 13:38:50 - yfinance - DEBUG -      Exiting _get_crumb_basic()
2025-06-17 13:38:50 - yfinance - DEBUG -     Exiting _get_cookie_and_crumb_basic()
2025-06-17 13:38:50 - yfinance - DEBUG -    Exiting _get_cookie_and_crumb()
2025-06-17 13:38:50 - yfinance - DEBUG - response code=200
2025-06-17 13:38:50 - yfinance - DEBUG -   Exiting _make_request()
2025-06-17 13:38:50 - yfinance - DEBUG -  Exiting get()
2025-06-17 13:38:50 - yfinance - DEBUG - Exiting _fetch_time_series()
2025-06-17 13:38:50 - root - INFO - get_cash_flow
2025-06-17 13:38:50 - yfinance - DEBUG - Entering _fetch_time_series()
2025-06-17 13:38:50 - yfinance - DEBUG -  Entering get()
2025-06-17 13:38:50 - yfinance - DEBUG -   Entering _make_request()
2025-06-17 13:38:50 - yfinance - DEBUG - url=https://query2.finance.yahoo.com/ws/fundamentals-timeseries/v1/finance/timeseries/GNFT.PA?symbol=GNFT.PA&type=annualForeignSales,annualDomesticSales,annualAdjustedGeographySegmentData,annualFreeCashFl...
2025-06-17 13:38:50 - yfinance - DEBUG - params=None
2025-06-17 13:38:50 - yfinance - DEBUG -    Entering _get_cookie_and_crumb()
2025-06-17 13:38:50 - yfinance - DEBUG - cookie_mode = 'basic'
2025-06-17 13:38:50 - yfinance - DEBUG -     Entering _get_cookie_and_crumb_basic()
2025-06-17 13:38:50 - yfinance - DEBUG -      Entering _get_cookie_basic()
2025-06-17 13:38:50 - yfinance - DEBUG - reusing cookie
2025-06-17 13:38:50 - yfinance - DEBUG -      Exiting _get_cookie_basic()
2025-06-17 13:38:50 - yfinance - DEBUG -      Entering _get_crumb_basic()
2025-06-17 13:38:50 - yfinance - DEBUG - reusing crumb
2025-06-17 13:38:50 - yfinance - DEBUG -      Exiting _get_crumb_basic()
2025-06-17 13:38:50 - yfinance - DEBUG -     Exiting _get_cookie_and_crumb_basic()
2025-06-17 13:38:50 - yfinance - DEBUG -    Exiting _get_cookie_and_crumb()
2025-06-17 13:38:50 - yfinance - DEBUG - response code=200
2025-06-17 13:38:50 - yfinance - DEBUG -   Exiting _make_request()
2025-06-17 13:38:50 - yfinance - DEBUG -  Exiting get()
2025-06-17 13:38:50 - yfinance - DEBUG - Exiting _fetch_time_series()
2025-06-17 13:38:50 - utils.rowManager - ERROR - Forget to pass the DataFrame to RowManager
2025-06-17 13:40:21 - uvicorn.error - INFO - Shutting down
2025-06-17 13:40:21 - uvicorn.error - INFO - Waiting for application shutdown.
2025-06-17 13:40:21 - uvicorn.error - INFO - Application shutdown complete.
2025-06-17 13:40:21 - uvicorn.error - INFO - Finished server process [70658]
2025-06-17 13:40:22 - uvicorn.error - INFO - Started server process [72007]
2025-06-17 13:40:22 - uvicorn.error - INFO - Waiting for application startup.
2025-06-17 13:40:22 - uvicorn.error - INFO - Application startup complete.
2025-06-17 13:40:24 - uvicorn.error - INFO - Shutting down
2025-06-17 13:40:24 - uvicorn.error - INFO - Waiting for application shutdown.
2025-06-17 13:40:24 - uvicorn.error - INFO - Application shutdown complete.
2025-06-17 13:40:24 - uvicorn.error - INFO - Finished server process [72007]
2025-06-17 13:40:25 - uvicorn.error - INFO - Started server process [72139]
2025-06-17 13:40:25 - uvicorn.error - INFO - Waiting for application startup.
2025-06-17 13:40:25 - uvicorn.error - INFO - Application startup complete.
2025-06-17 13:40:45 - uvicorn.error - INFO - Shutting down
2025-06-17 13:40:45 - uvicorn.error - INFO - Waiting for application shutdown.
2025-06-17 13:40:45 - uvicorn.error - INFO - Application shutdown complete.
2025-06-17 13:40:45 - uvicorn.error - INFO - Finished server process [72139]
2025-06-17 14:07:41 - uvicorn.error - INFO - Started server process [95214]
2025-06-17 14:07:41 - uvicorn.error - INFO - Waiting for application startup.
2025-06-17 14:07:41 - uvicorn.error - INFO - Application startup complete.
2025-06-17 14:07:55 - root - INFO - get_balance_sheet
2025-06-17 14:07:55 - yfinance - DEBUG - Entering _fetch_time_series()
2025-06-17 14:07:55 - yfinance - DEBUG -  Entering get()
2025-06-17 14:07:55 - yfinance - DEBUG -   Entering _make_request()
2025-06-17 14:07:55 - yfinance - DEBUG - url=https://query2.finance.yahoo.com/ws/fundamentals-timeseries/v1/finance/timeseries/GNFT.PA?symbol=GNFT.PA&type=annualTreasurySharesNumber,annualPreferredSharesNumber,annualOrdinarySharesNumber,annualSh...
2025-06-17 14:07:55 - yfinance - DEBUG - params=None
2025-06-17 14:07:55 - yfinance - DEBUG -    Entering _get_cookie_and_crumb()
2025-06-17 14:07:55 - yfinance - DEBUG - cookie_mode = 'basic'
2025-06-17 14:07:55 - yfinance - DEBUG -     Entering _get_cookie_and_crumb_basic()
2025-06-17 14:07:55 - yfinance - DEBUG -      Entering _get_cookie_basic()
2025-06-17 14:07:55 - yfinance - DEBUG -       Entering _load_cookie_curlCffi()
2025-06-17 14:07:55 - peewee - DEBUG - ('CREATE TABLE IF NOT EXISTS "_cookieschema" ("strategy" VARCHAR(255) NOT NULL PRIMARY KEY, "fetch_date" DATETIME NOT NULL, "cookie_bytes" BLOB NOT NULL) WITHOUT ROWID', [])
2025-06-17 14:07:55 - peewee - DEBUG - ('SELECT "t1"."strategy", "t1"."fetch_date", "t1"."cookie_bytes" FROM "_cookieschema" AS "t1" WHERE ("t1"."strategy" = ?) LIMIT ? OFFSET ?', ['curlCffi', 1, 0])
2025-06-17 14:07:55 - yfinance - DEBUG -       Exiting _load_cookie_curlCffi()
2025-06-17 14:07:55 - yfinance - DEBUG - reusing persistent cookie
2025-06-17 14:07:55 - yfinance - DEBUG -      Exiting _get_cookie_basic()
2025-06-17 14:07:55 - yfinance - DEBUG -      Entering _get_crumb_basic()
2025-06-17 14:07:55 - yfinance - DEBUG -       Entering _get_cookie_basic()
2025-06-17 14:07:55 - yfinance - DEBUG - reusing cookie
2025-06-17 14:07:55 - yfinance - DEBUG -       Exiting _get_cookie_basic()
2025-06-17 14:07:55 - yfinance - DEBUG - crumb = 'SxSQVsAqoTG'
2025-06-17 14:07:55 - yfinance - DEBUG -      Exiting _get_crumb_basic()
2025-06-17 14:07:55 - yfinance - DEBUG -     Exiting _get_cookie_and_crumb_basic()
2025-06-17 14:07:55 - yfinance - DEBUG -    Exiting _get_cookie_and_crumb()
2025-06-17 14:07:55 - yfinance - DEBUG - response code=200
2025-06-17 14:07:55 - yfinance - DEBUG -   Exiting _make_request()
2025-06-17 14:07:55 - yfinance - DEBUG -  Exiting get()
2025-06-17 14:07:55 - yfinance - DEBUG - Exiting _fetch_time_series()
2025-06-17 14:07:55 - root - INFO - get_cash_flow
2025-06-17 14:07:55 - yfinance - DEBUG - Entering _fetch_time_series()
2025-06-17 14:07:55 - yfinance - DEBUG -  Entering get()
2025-06-17 14:07:55 - yfinance - DEBUG -   Entering _make_request()
2025-06-17 14:07:55 - yfinance - DEBUG - url=https://query2.finance.yahoo.com/ws/fundamentals-timeseries/v1/finance/timeseries/GNFT.PA?symbol=GNFT.PA&type=annualForeignSales,annualDomesticSales,annualAdjustedGeographySegmentData,annualFreeCashFl...
2025-06-17 14:07:55 - yfinance - DEBUG - params=None
2025-06-17 14:07:55 - yfinance - DEBUG -    Entering _get_cookie_and_crumb()
2025-06-17 14:07:55 - yfinance - DEBUG - cookie_mode = 'basic'
2025-06-17 14:07:55 - yfinance - DEBUG -     Entering _get_cookie_and_crumb_basic()
2025-06-17 14:07:55 - yfinance - DEBUG -      Entering _get_cookie_basic()
2025-06-17 14:07:55 - yfinance - DEBUG - reusing cookie
2025-06-17 14:07:55 - yfinance - DEBUG -      Exiting _get_cookie_basic()
2025-06-17 14:07:55 - yfinance - DEBUG -      Entering _get_crumb_basic()
2025-06-17 14:07:55 - yfinance - DEBUG - reusing crumb
2025-06-17 14:07:55 - yfinance - DEBUG -      Exiting _get_crumb_basic()
2025-06-17 14:07:55 - yfinance - DEBUG -     Exiting _get_cookie_and_crumb_basic()
2025-06-17 14:07:55 - yfinance - DEBUG -    Exiting _get_cookie_and_crumb()
2025-06-17 14:07:56 - yfinance - DEBUG - response code=200
2025-06-17 14:07:56 - yfinance - DEBUG -   Exiting _make_request()
2025-06-17 14:07:56 - yfinance - DEBUG -  Exiting get()
2025-06-17 14:07:56 - yfinance - DEBUG - Exiting _fetch_time_series()
2025-06-17 14:07:56 - utils.rowManager - ERROR - Forget to pass the DataFrame to RowManager
2025-06-18 04:56:38 - uvicorn.error - INFO - Shutting down
2025-06-18 04:56:39 - uvicorn.error - INFO - Waiting for application shutdown.
2025-06-18 04:56:39 - uvicorn.error - INFO - Application shutdown complete.
2025-06-18 04:56:39 - uvicorn.error - INFO - Finished server process [95214]
